{"/Users/bowenli/development/excel_data_encryptor/src/services/columnMatcher.ts": {"path":"/Users/bowenli/development/excel_data_encryptor/src/services/columnMatcher.ts","all":false,"statementMap":{"0":{"start":{"line":1,"column":0},"end":{"line":1,"column":3}},"25":{"start":{"line":26,"column":0},"end":{"line":26,"column":59}},"26":{"start":{"line":27,"column":0},"end":{"line":27,"column":13}},"27":{"start":{"line":28,"column":0},"end":{"line":28,"column":18}},"28":{"start":{"line":29,"column":0},"end":{"line":29,"column":28}},"29":{"start":{"line":30,"column":0},"end":{"line":30,"column":12}},"30":{"start":{"line":31,"column":0},"end":{"line":31,"column":1}},"59":{"start":{"line":60,"column":0},"end":{"line":60,"column":71}},"60":{"start":{"line":61,"column":0},"end":{"line":61,"column":60}},"62":{"start":{"line":63,"column":0},"end":{"line":63,"column":42}},"63":{"start":{"line":64,"column":0},"end":{"line":64,"column":38}},"66":{"start":{"line":67,"column":0},"end":{"line":67,"column":40}},"67":{"start":{"line":68,"column":0},"end":{"line":68,"column":37}},"70":{"start":{"line":71,"column":0},"end":{"line":71,"column":34}},"71":{"start":{"line":72,"column":0},"end":{"line":72,"column":41}},"72":{"start":{"line":73,"column":0},"end":{"line":73,"column":37}},"75":{"start":{"line":76,"column":0},"end":{"line":76,"column":36}},"76":{"start":{"line":77,"column":0},"end":{"line":77,"column":42}},"79":{"start":{"line":80,"column":0},"end":{"line":80,"column":34}},"80":{"start":{"line":81,"column":0},"end":{"line":81,"column":40}},"81":{"start":{"line":82,"column":0},"end":{"line":82,"column":4}},"83":{"start":{"line":84,"column":0},"end":{"line":84,"column":41}},"84":{"start":{"line":85,"column":0},"end":{"line":85,"column":51}},"85":{"start":{"line":86,"column":0},"end":{"line":86,"column":50}},"87":{"start":{"line":88,"column":0},"end":{"line":88,"column":12}},"88":{"start":{"line":89,"column":0},"end":{"line":89,"column":27}},"89":{"start":{"line":90,"column":0},"end":{"line":90,"column":33}},"90":{"start":{"line":91,"column":0},"end":{"line":91,"column":41}},"91":{"start":{"line":92,"column":0},"end":{"line":92,"column":17}},"92":{"start":{"line":93,"column":0},"end":{"line":93,"column":25}},"93":{"start":{"line":94,"column":0},"end":{"line":94,"column":6}},"94":{"start":{"line":95,"column":0},"end":{"line":95,"column":5}},"95":{"start":{"line":96,"column":0},"end":{"line":96,"column":1}},"100":{"start":{"line":101,"column":0},"end":{"line":101,"column":62}},"101":{"start":{"line":102,"column":0},"end":{"line":102,"column":46}},"102":{"start":{"line":103,"column":0},"end":{"line":103,"column":42}},"103":{"start":{"line":104,"column":0},"end":{"line":104,"column":1}}},"s":{"0":1,"25":1,"26":137,"27":137,"28":137,"29":137,"30":137,"59":1,"60":49,"62":49,"63":49,"66":49,"67":49,"70":49,"71":49,"72":49,"75":49,"76":49,"79":49,"80":49,"81":49,"83":49,"84":121,"85":121,"87":121,"88":121,"89":121,"90":121,"91":121,"92":121,"93":121,"94":49,"95":49,"100":1,"101":1,"102":1,"103":1},"branchMap":{"0":{"type":"branch","line":26,"loc":{"start":{"line":26,"column":7},"end":{"line":31,"column":1}},"locations":[{"start":{"line":26,"column":7},"end":{"line":31,"column":1}}]},"1":{"type":"branch","line":60,"loc":{"start":{"line":60,"column":7},"end":{"line":96,"column":1}},"locations":[{"start":{"line":60,"column":7},"end":{"line":96,"column":1}}]},"2":{"type":"branch","line":84,"loc":{"start":{"line":84,"column":21},"end":{"line":95,"column":3}},"locations":[{"start":{"line":84,"column":21},"end":{"line":95,"column":3}}]},"3":{"type":"branch","line":101,"loc":{"start":{"line":101,"column":7},"end":{"line":104,"column":1}},"locations":[{"start":{"line":101,"column":7},"end":{"line":104,"column":1}}]},"4":{"type":"branch","line":103,"loc":{"start":{"line":103,"column":23},"end":{"line":103,"column":40}},"locations":[{"start":{"line":103,"column":23},"end":{"line":103,"column":40}}]}},"b":{"0":[137],"1":[49],"2":[121],"3":[1],"4":[5]},"fnMap":{"0":{"name":"normalizeColumnName","decl":{"start":{"line":26,"column":7},"end":{"line":31,"column":1}},"loc":{"start":{"line":26,"column":7},"end":{"line":31,"column":1}},"line":26},"1":{"name":"findTargetColumns","decl":{"start":{"line":60,"column":7},"end":{"line":96,"column":1}},"loc":{"start":{"line":60,"column":7},"end":{"line":96,"column":1}},"line":60},"2":{"name":"hasTargetColumns","decl":{"start":{"line":101,"column":7},"end":{"line":104,"column":1}},"loc":{"start":{"line":101,"column":7},"end":{"line":104,"column":1}},"line":101}},"f":{"0":137,"1":49,"2":1}}
,"/Users/bowenli/development/excel_data_encryptor/src/services/encryptionService.ts": {"path":"/Users/bowenli/development/excel_data_encryptor/src/services/encryptionService.ts","all":false,"statementMap":{"30":{"start":{"line":31,"column":0},"end":{"line":31,"column":72}},"32":{"start":{"line":33,"column":0},"end":{"line":33,"column":48}},"35":{"start":{"line":36,"column":0},"end":{"line":36,"column":26}},"36":{"start":{"line":37,"column":0},"end":{"line":37,"column":16}},"37":{"start":{"line":38,"column":0},"end":{"line":38,"column":3}},"41":{"start":{"line":42,"column":0},"end":{"line":42,"column":36}},"42":{"start":{"line":43,"column":0},"end":{"line":43,"column":42}},"45":{"start":{"line":46,"column":0},"end":{"line":46,"column":65}},"48":{"start":{"line":49,"column":0},"end":{"line":49,"column":59}},"49":{"start":{"line":50,"column":0},"end":{"line":50,"column":81}},"51":{"start":{"line":52,"column":0},"end":{"line":52,"column":17}},"52":{"start":{"line":53,"column":0},"end":{"line":53,"column":1}}},"s":{"30":832957,"32":832957,"35":832957,"36":3,"37":3,"41":832954,"42":832954,"45":832954,"48":832954,"49":832954,"51":832954,"52":832954},"branchMap":{"0":{"type":"branch","line":31,"loc":{"start":{"line":31,"column":0},"end":{"line":53,"column":1}},"locations":[{"start":{"line":31,"column":0},"end":{"line":53,"column":1}}]},"1":{"type":"branch","line":36,"loc":{"start":{"line":36,"column":25},"end":{"line":38,"column":3}},"locations":[{"start":{"line":36,"column":25},"end":{"line":38,"column":3}}]},"2":{"type":"branch","line":38,"loc":{"start":{"line":38,"column":2},"end":{"line":53,"column":1}},"locations":[{"start":{"line":38,"column":2},"end":{"line":53,"column":1}}]},"3":{"type":"branch","line":50,"loc":{"start":{"line":50,"column":32},"end":{"line":50,"column":70}},"locations":[{"start":{"line":50,"column":32},"end":{"line":50,"column":70}}]}},"b":{"0":[832957],"1":[3],"2":[832954],"3":[26654528]},"fnMap":{"0":{"name":"hashValue","decl":{"start":{"line":31,"column":0},"end":{"line":53,"column":1}},"loc":{"start":{"line":31,"column":0},"end":{"line":53,"column":1}},"line":31}},"f":{"0":832957}}
,"/Users/bowenli/development/excel_data_encryptor/src/services/fileGenerator.ts": {"path":"/Users/bowenli/development/excel_data_encryptor/src/services/fileGenerator.ts","all":false,"statementMap":{"0":{"start":{"line":1,"column":0},"end":{"line":1,"column":3}},"13":{"start":{"line":14,"column":0},"end":{"line":14,"column":83}},"15":{"start":{"line":16,"column":0},"end":{"line":16,"column":41}},"18":{"start":{"line":19,"column":0},"end":{"line":19,"column":49}},"21":{"start":{"line":22,"column":0},"end":{"line":22,"column":55}},"24":{"start":{"line":25,"column":0},"end":{"line":25,"column":47}},"25":{"start":{"line":26,"column":0},"end":{"line":26,"column":63}},"28":{"start":{"line":29,"column":0},"end":{"line":29,"column":38}},"29":{"start":{"line":30,"column":0},"end":{"line":30,"column":21}},"30":{"start":{"line":31,"column":0},"end":{"line":31,"column":18}},"31":{"start":{"line":32,"column":0},"end":{"line":32,"column":5}},"34":{"start":{"line":35,"column":0},"end":{"line":35,"column":28}},"35":{"start":{"line":36,"column":0},"end":{"line":36,"column":78}},"36":{"start":{"line":37,"column":0},"end":{"line":37,"column":5}},"37":{"start":{"line":38,"column":0},"end":{"line":38,"column":1}},"42":{"start":{"line":43,"column":0},"end":{"line":43,"column":53}},"44":{"start":{"line":45,"column":0},"end":{"line":45,"column":47}},"47":{"start":{"line":48,"column":0},"end":{"line":48,"column":37}},"48":{"start":{"line":49,"column":0},"end":{"line":49,"column":17}},"49":{"start":{"line":50,"column":0},"end":{"line":50,"column":19}},"50":{"start":{"line":51,"column":0},"end":{"line":51,"column":20}},"51":{"start":{"line":52,"column":0},"end":{"line":52,"column":5}},"54":{"start":{"line":55,"column":0},"end":{"line":55,"column":62}},"55":{"start":{"line":56,"column":0},"end":{"line":56,"column":1}},"61":{"start":{"line":62,"column":0},"end":{"line":62,"column":89}},"62":{"start":{"line":63,"column":0},"end":{"line":63,"column":33}},"65":{"start":{"line":66,"column":0},"end":{"line":66,"column":33}},"66":{"start":{"line":67,"column":0},"end":{"line":67,"column":60}},"67":{"start":{"line":68,"column":0},"end":{"line":68,"column":53}},"68":{"start":{"line":69,"column":0},"end":{"line":69,"column":44}},"71":{"start":{"line":72,"column":0},"end":{"line":72,"column":57}},"72":{"start":{"line":73,"column":0},"end":{"line":73,"column":19}},"73":{"start":{"line":74,"column":0},"end":{"line":74,"column":24}},"75":{"start":{"line":76,"column":0},"end":{"line":76,"column":28}},"77":{"start":{"line":78,"column":0},"end":{"line":78,"column":28}},"78":{"start":{"line":79,"column":0},"end":{"line":79,"column":19}},"79":{"start":{"line":80,"column":0},"end":{"line":80,"column":10}},"80":{"start":{"line":81,"column":0},"end":{"line":81,"column":55}},"81":{"start":{"line":82,"column":0},"end":{"line":82,"column":77}},"82":{"start":{"line":83,"column":0},"end":{"line":83,"column":3}},"84":{"start":{"line":85,"column":0},"end":{"line":85,"column":52}},"85":{"start":{"line":86,"column":0},"end":{"line":86,"column":1}},"90":{"start":{"line":91,"column":0},"end":{"line":91,"column":66}},"91":{"start":{"line":92,"column":0},"end":{"line":92,"column":40}},"92":{"start":{"line":93,"column":0},"end":{"line":93,"column":43}},"93":{"start":{"line":94,"column":0},"end":{"line":94,"column":18}},"94":{"start":{"line":95,"column":0},"end":{"line":95,"column":27}},"95":{"start":{"line":96,"column":0},"end":{"line":96,"column":15}},"98":{"start":{"line":99,"column":0},"end":{"line":99,"column":27}},"99":{"start":{"line":100,"column":0},"end":{"line":100,"column":1}}},"s":{"0":1,"13":1,"15":1,"18":1,"21":1,"24":1,"25":1,"28":1,"29":1,"30":1,"31":1,"34":1,"35":1,"36":1,"37":1,"42":1,"44":3,"47":3,"48":3,"49":3,"50":3,"51":3,"54":3,"55":3,"61":1,"62":17,"65":17,"66":17,"67":17,"68":17,"71":17,"72":17,"73":17,"75":17,"77":1,"78":1,"79":17,"80":16,"81":16,"82":16,"84":17,"85":17,"90":1,"91":0,"92":0,"93":0,"94":0,"95":0,"98":0,"99":0},"branchMap":{"0":{"type":"branch","line":14,"loc":{"start":{"line":14,"column":7},"end":{"line":38,"column":1}},"locations":[{"start":{"line":14,"column":7},"end":{"line":38,"column":1}}]},"1":{"type":"branch","line":25,"loc":{"start":{"line":25,"column":25},"end":{"line":25,"column":47}},"locations":[{"start":{"line":25,"column":25},"end":{"line":25,"column":47}}]},"2":{"type":"branch","line":43,"loc":{"start":{"line":43,"column":7},"end":{"line":56,"column":1}},"locations":[{"start":{"line":43,"column":7},"end":{"line":56,"column":1}}]},"3":{"type":"branch","line":62,"loc":{"start":{"line":62,"column":7},"end":{"line":86,"column":1}},"locations":[{"start":{"line":62,"column":7},"end":{"line":86,"column":1}}]},"4":{"type":"branch","line":63,"loc":{"start":{"line":63,"column":14},"end":{"line":63,"column":33}},"locations":[{"start":{"line":63,"column":14},"end":{"line":63,"column":33}}]},"5":{"type":"branch","line":76,"loc":{"start":{"line":76,"column":27},"end":{"line":80,"column":9}},"locations":[{"start":{"line":76,"column":27},"end":{"line":80,"column":9}}]},"6":{"type":"branch","line":80,"loc":{"start":{"line":80,"column":2},"end":{"line":83,"column":3}},"locations":[{"start":{"line":80,"column":2},"end":{"line":83,"column":3}}]}},"b":{"0":[1],"1":[0],"2":[3],"3":[17],"4":[5],"5":[1],"6":[16]},"fnMap":{"0":{"name":"generateExcel","decl":{"start":{"line":14,"column":7},"end":{"line":38,"column":1}},"loc":{"start":{"line":14,"column":7},"end":{"line":38,"column":1}},"line":14},"1":{"name":"generateCSV","decl":{"start":{"line":43,"column":7},"end":{"line":56,"column":1}},"loc":{"start":{"line":43,"column":7},"end":{"line":56,"column":1}},"line":43},"2":{"name":"generateDownloadFilename","decl":{"start":{"line":62,"column":7},"end":{"line":86,"column":1}},"loc":{"start":{"line":62,"column":7},"end":{"line":86,"column":1}},"line":62},"3":{"name":"downloadFile","decl":{"start":{"line":91,"column":7},"end":{"line":100,"column":1}},"loc":{"start":{"line":91,"column":7},"end":{"line":100,"column":1}},"line":91}},"f":{"0":1,"1":3,"2":17,"3":0}}
,"/Users/bowenli/development/excel_data_encryptor/src/services/fileParser.ts": {"path":"/Users/bowenli/development/excel_data_encryptor/src/services/fileParser.ts","all":false,"statementMap":{"0":{"start":{"line":1,"column":0},"end":{"line":1,"column":3}},"13":{"start":{"line":14,"column":0},"end":{"line":14,"column":73}},"14":{"start":{"line":15,"column":0},"end":{"line":15,"column":43}},"15":{"start":{"line":16,"column":0},"end":{"line":16,"column":43}},"18":{"start":{"line":19,"column":0},"end":{"line":19,"column":6}},"19":{"start":{"line":20,"column":0},"end":{"line":20,"column":87}},"20":{"start":{"line":21,"column":0},"end":{"line":21,"column":43}},"21":{"start":{"line":22,"column":0},"end":{"line":22,"column":5}},"22":{"start":{"line":23,"column":0},"end":{"line":23,"column":19}},"23":{"start":{"line":24,"column":0},"end":{"line":24,"column":3}},"25":{"start":{"line":26,"column":0},"end":{"line":26,"column":32}},"26":{"start":{"line":27,"column":0},"end":{"line":27,"column":17}},"27":{"start":{"line":28,"column":0},"end":{"line":28,"column":3}},"30":{"start":{"line":31,"column":0},"end":{"line":31,"column":64}},"31":{"start":{"line":32,"column":0},"end":{"line":32,"column":19}},"32":{"start":{"line":33,"column":0},"end":{"line":33,"column":3}},"34":{"start":{"line":35,"column":0},"end":{"line":35,"column":34}},"35":{"start":{"line":36,"column":0},"end":{"line":36,"column":17}},"36":{"start":{"line":37,"column":0},"end":{"line":37,"column":3}},"38":{"start":{"line":39,"column":0},"end":{"line":39,"column":19}},"39":{"start":{"line":40,"column":0},"end":{"line":40,"column":1}},"45":{"start":{"line":46,"column":0},"end":{"line":46,"column":67}},"46":{"start":{"line":47,"column":0},"end":{"line":47,"column":43}},"47":{"start":{"line":48,"column":0},"end":{"line":48,"column":36}},"49":{"start":{"line":50,"column":0},"end":{"line":50,"column":28}},"50":{"start":{"line":51,"column":0},"end":{"line":51,"column":11}},"51":{"start":{"line":52,"column":0},"end":{"line":52,"column":69}},"52":{"start":{"line":53,"column":0},"end":{"line":53,"column":60}},"55":{"start":{"line":56,"column":0},"end":{"line":56,"column":54}},"56":{"start":{"line":57,"column":0},"end":{"line":57,"column":30}},"57":{"start":{"line":58,"column":0},"end":{"line":58,"column":61}},"58":{"start":{"line":59,"column":0},"end":{"line":59,"column":17}},"59":{"start":{"line":60,"column":0},"end":{"line":60,"column":9}},"60":{"start":{"line":61,"column":0},"end":{"line":61,"column":58}},"61":{"start":{"line":62,"column":0},"end":{"line":62,"column":25}},"62":{"start":{"line":63,"column":0},"end":{"line":63,"column":56}},"63":{"start":{"line":64,"column":0},"end":{"line":64,"column":17}},"64":{"start":{"line":65,"column":0},"end":{"line":65,"column":9}},"67":{"start":{"line":68,"column":0},"end":{"line":68,"column":76}},"68":{"start":{"line":69,"column":0},"end":{"line":69,"column":20}},"69":{"start":{"line":70,"column":0},"end":{"line":70,"column":28}},"70":{"start":{"line":71,"column":0},"end":{"line":71,"column":73}},"71":{"start":{"line":72,"column":0},"end":{"line":72,"column":11}},"74":{"start":{"line":75,"column":0},"end":{"line":75,"column":71}},"75":{"start":{"line":76,"column":0},"end":{"line":76,"column":38}},"77":{"start":{"line":78,"column":0},"end":{"line":78,"column":17}},"78":{"start":{"line":79,"column":0},"end":{"line":79,"column":18}},"79":{"start":{"line":80,"column":0},"end":{"line":80,"column":15}},"80":{"start":{"line":81,"column":0},"end":{"line":81,"column":36}},"81":{"start":{"line":82,"column":0},"end":{"line":82,"column":32}},"82":{"start":{"line":83,"column":0},"end":{"line":83,"column":38}},"83":{"start":{"line":84,"column":0},"end":{"line":84,"column":11}},"84":{"start":{"line":85,"column":0},"end":{"line":85,"column":23}},"85":{"start":{"line":86,"column":0},"end":{"line":86,"column":99}},"86":{"start":{"line":87,"column":0},"end":{"line":87,"column":7}},"87":{"start":{"line":88,"column":0},"end":{"line":88,"column":6}},"89":{"start":{"line":90,"column":0},"end":{"line":90,"column":28}},"90":{"start":{"line":91,"column":0},"end":{"line":91,"column":47}},"91":{"start":{"line":92,"column":0},"end":{"line":92,"column":6}},"93":{"start":{"line":94,"column":0},"end":{"line":94,"column":35}},"94":{"start":{"line":95,"column":0},"end":{"line":95,"column":5}},"95":{"start":{"line":96,"column":0},"end":{"line":96,"column":1}},"101":{"start":{"line":102,"column":0},"end":{"line":102,"column":65}},"102":{"start":{"line":103,"column":0},"end":{"line":103,"column":43}},"103":{"start":{"line":104,"column":0},"end":{"line":104,"column":22}},"104":{"start":{"line":105,"column":0},"end":{"line":105,"column":30}},"105":{"start":{"line":106,"column":0},"end":{"line":106,"column":48}},"108":{"start":{"line":109,"column":0},"end":{"line":109,"column":82}},"109":{"start":{"line":110,"column":0},"end":{"line":110,"column":21}},"110":{"start":{"line":111,"column":0},"end":{"line":111,"column":9}},"112":{"start":{"line":113,"column":0},"end":{"line":113,"column":32}},"113":{"start":{"line":114,"column":0},"end":{"line":114,"column":71}},"114":{"start":{"line":115,"column":0},"end":{"line":115,"column":17}},"115":{"start":{"line":116,"column":0},"end":{"line":116,"column":9}},"118":{"start":{"line":119,"column":0},"end":{"line":119,"column":32}},"119":{"start":{"line":120,"column":0},"end":{"line":120,"column":23}},"120":{"start":{"line":121,"column":0},"end":{"line":121,"column":59}},"121":{"start":{"line":122,"column":0},"end":{"line":122,"column":17}},"122":{"start":{"line":123,"column":0},"end":{"line":123,"column":9}},"123":{"start":{"line":124,"column":0},"end":{"line":124,"column":35}},"125":{"start":{"line":126,"column":0},"end":{"line":126,"column":17}},"126":{"start":{"line":127,"column":0},"end":{"line":127,"column":18}},"127":{"start":{"line":128,"column":0},"end":{"line":128,"column":15}},"128":{"start":{"line":129,"column":0},"end":{"line":129,"column":32}},"129":{"start":{"line":130,"column":0},"end":{"line":130,"column":38}},"130":{"start":{"line":131,"column":0},"end":{"line":131,"column":11}},"131":{"start":{"line":132,"column":0},"end":{"line":132,"column":8}},"132":{"start":{"line":133,"column":0},"end":{"line":133,"column":25}},"133":{"start":{"line":134,"column":0},"end":{"line":134,"column":67}},"134":{"start":{"line":135,"column":0},"end":{"line":135,"column":8}},"135":{"start":{"line":136,"column":0},"end":{"line":136,"column":28}},"136":{"start":{"line":137,"column":0},"end":{"line":137,"column":35}},"137":{"start":{"line":138,"column":0},"end":{"line":138,"column":7}},"138":{"start":{"line":139,"column":0},"end":{"line":139,"column":5}},"139":{"start":{"line":140,"column":0},"end":{"line":140,"column":1}}},"s":{"0":1,"13":1,"14":4,"15":4,"18":4,"19":4,"20":3,"21":4,"22":2,"23":2,"25":4,"26":1,"27":1,"30":4,"31":0,"32":0,"34":4,"35":0,"36":0,"38":1,"39":1,"45":7,"46":7,"47":7,"49":7,"50":7,"51":7,"52":7,"55":7,"56":7,"57":0,"58":0,"59":0,"60":7,"61":7,"62":0,"63":0,"64":0,"67":7,"68":7,"69":7,"70":7,"71":7,"74":7,"75":7,"77":7,"78":7,"79":7,"80":7,"81":7,"82":7,"83":7,"84":7,"85":0,"86":0,"87":7,"89":7,"90":0,"91":0,"93":7,"94":7,"95":7,"101":22,"102":22,"103":22,"104":22,"105":22,"108":22,"109":5,"110":5,"112":22,"113":0,"114":0,"115":0,"118":22,"119":22,"120":0,"121":0,"122":0,"123":22,"125":22,"126":22,"127":22,"128":22,"129":22,"130":22,"131":22,"132":22,"133":0,"134":0,"135":22,"136":22,"137":22,"138":22,"139":22},"branchMap":{"0":{"type":"branch","line":14,"loc":{"start":{"line":14,"column":7},"end":{"line":40,"column":1}},"locations":[{"start":{"line":14,"column":7},"end":{"line":40,"column":1}}]},"1":{"type":"branch","line":20,"loc":{"start":{"line":20,"column":17},"end":{"line":21,"column":43}},"locations":[{"start":{"line":20,"column":17},"end":{"line":21,"column":43}}]},"2":{"type":"branch","line":22,"loc":{"start":{"line":22,"column":4},"end":{"line":26,"column":31}},"locations":[{"start":{"line":22,"column":4},"end":{"line":26,"column":31}}]},"3":{"type":"branch","line":26,"loc":{"start":{"line":26,"column":31},"end":{"line":31,"column":63}},"locations":[{"start":{"line":26,"column":31},"end":{"line":31,"column":63}}]},"4":{"type":"branch","line":31,"loc":{"start":{"line":31,"column":63},"end":{"line":33,"column":3}},"locations":[{"start":{"line":31,"column":63},"end":{"line":33,"column":3}}]},"5":{"type":"branch","line":33,"loc":{"start":{"line":33,"column":2},"end":{"line":35,"column":33}},"locations":[{"start":{"line":33,"column":2},"end":{"line":35,"column":33}}]},"6":{"type":"branch","line":35,"loc":{"start":{"line":35,"column":33},"end":{"line":37,"column":3}},"locations":[{"start":{"line":35,"column":33},"end":{"line":37,"column":3}}]},"7":{"type":"branch","line":37,"loc":{"start":{"line":37,"column":2},"end":{"line":40,"column":1}},"locations":[{"start":{"line":37,"column":2},"end":{"line":40,"column":1}}]},"8":{"type":"branch","line":46,"loc":{"start":{"line":46,"column":0},"end":{"line":96,"column":1}},"locations":[{"start":{"line":46,"column":0},"end":{"line":96,"column":1}}]},"9":{"type":"branch","line":47,"loc":{"start":{"line":47,"column":21},"end":{"line":95,"column":3}},"locations":[{"start":{"line":47,"column":21},"end":{"line":95,"column":3}}]},"10":{"type":"branch","line":50,"loc":{"start":{"line":50,"column":20},"end":{"line":88,"column":6}},"locations":[{"start":{"line":50,"column":20},"end":{"line":88,"column":6}}]},"11":{"type":"branch","line":57,"loc":{"start":{"line":57,"column":29},"end":{"line":60,"column":9}},"locations":[{"start":{"line":57,"column":29},"end":{"line":60,"column":9}}]},"12":{"type":"branch","line":62,"loc":{"start":{"line":62,"column":24},"end":{"line":65,"column":9}},"locations":[{"start":{"line":62,"column":24},"end":{"line":65,"column":9}}]},"13":{"type":"branch","line":75,"loc":{"start":{"line":75,"column":34},"end":{"line":75,"column":43}},"locations":[{"start":{"line":75,"column":34},"end":{"line":75,"column":43}}]},"14":{"type":"branch","line":85,"loc":{"start":{"line":85,"column":6},"end":{"line":87,"column":7}},"locations":[{"start":{"line":85,"column":6},"end":{"line":87,"column":7}}]},"15":{"type":"branch","line":75,"loc":{"start":{"line":75,"column":47},"end":{"line":75,"column":69}},"locations":[{"start":{"line":75,"column":47},"end":{"line":75,"column":69}}]},"16":{"type":"branch","line":75,"loc":{"start":{"line":75,"column":61},"end":{"line":75,"column":68}},"locations":[{"start":{"line":75,"column":61},"end":{"line":75,"column":68}}]},"17":{"type":"branch","line":102,"loc":{"start":{"line":102,"column":0},"end":{"line":140,"column":1}},"locations":[{"start":{"line":102,"column":0},"end":{"line":140,"column":1}}]},"18":{"type":"branch","line":103,"loc":{"start":{"line":103,"column":21},"end":{"line":139,"column":3}},"locations":[{"start":{"line":103,"column":21},"end":{"line":139,"column":3}}]},"19":{"type":"branch","line":105,"loc":{"start":{"line":105,"column":16},"end":{"line":132,"column":8}},"locations":[{"start":{"line":105,"column":16},"end":{"line":132,"column":8}}]},"20":{"type":"branch","line":109,"loc":{"start":{"line":109,"column":29},"end":{"line":109,"column":81}},"locations":[{"start":{"line":109,"column":29},"end":{"line":109,"column":81}}]},"21":{"type":"branch","line":109,"loc":{"start":{"line":109,"column":81},"end":{"line":111,"column":9}},"locations":[{"start":{"line":109,"column":81},"end":{"line":111,"column":9}}]},"22":{"type":"branch","line":113,"loc":{"start":{"line":113,"column":31},"end":{"line":116,"column":9}},"locations":[{"start":{"line":113,"column":31},"end":{"line":116,"column":9}}]},"23":{"type":"branch","line":120,"loc":{"start":{"line":120,"column":22},"end":{"line":123,"column":9}},"locations":[{"start":{"line":120,"column":22},"end":{"line":123,"column":9}}]},"24":{"type":"branch","line":109,"loc":{"start":{"line":109,"column":63},"end":{"line":109,"column":78}},"locations":[{"start":{"line":109,"column":63},"end":{"line":109,"column":78}}]}},"b":{"0":[4],"1":[3],"2":[2],"3":[1],"4":[0],"5":[1],"6":[0],"7":[1],"8":[7],"9":[7],"10":[7],"11":[0],"12":[0],"13":[0],"14":[0],"15":[23],"16":[0],"17":[22],"18":[22],"19":[22],"20":[27],"21":[5],"22":[0],"23":[0],"24":[31]},"fnMap":{"0":{"name":"detectFileType","decl":{"start":{"line":14,"column":7},"end":{"line":40,"column":1}},"loc":{"start":{"line":14,"column":7},"end":{"line":40,"column":1}},"line":14},"1":{"name":"parseExcel","decl":{"start":{"line":46,"column":0},"end":{"line":96,"column":1}},"loc":{"start":{"line":46,"column":0},"end":{"line":96,"column":1}},"line":46},"2":{"name":"reader.onload","decl":{"start":{"line":50,"column":20},"end":{"line":88,"column":6}},"loc":{"start":{"line":50,"column":20},"end":{"line":88,"column":6}},"line":50},"3":{"name":"reader.onerror","decl":{"start":{"line":90,"column":21},"end":{"line":92,"column":6}},"loc":{"start":{"line":90,"column":21},"end":{"line":92,"column":6}},"line":90},"4":{"name":"parseCSV","decl":{"start":{"line":102,"column":0},"end":{"line":140,"column":1}},"loc":{"start":{"line":102,"column":0},"end":{"line":140,"column":1}},"line":102},"5":{"name":"complete","decl":{"start":{"line":105,"column":16},"end":{"line":132,"column":8}},"loc":{"start":{"line":105,"column":16},"end":{"line":132,"column":8}},"line":105},"6":{"name":"error","decl":{"start":{"line":133,"column":13},"end":{"line":135,"column":8}},"loc":{"start":{"line":133,"column":13},"end":{"line":135,"column":8}},"line":133}},"f":{"0":4,"1":7,"2":7,"3":0,"4":22,"5":22,"6":0}}
,"/Users/bowenli/development/excel_data_encryptor/src/types/encryption.types.ts": {"path":"/Users/bowenli/development/excel_data_encryptor/src/types/encryption.types.ts","all":false,"statementMap":{"7":{"start":{"line":8,"column":0},"end":{"line":8,"column":30}},"8":{"start":{"line":9,"column":0},"end":{"line":9,"column":27}},"9":{"start":{"line":10,"column":0},"end":{"line":10,"column":25}},"10":{"start":{"line":11,"column":0},"end":{"line":11,"column":20}},"11":{"start":{"line":12,"column":0},"end":{"line":12,"column":18}},"12":{"start":{"line":13,"column":0},"end":{"line":13,"column":18}},"39":{"start":{"line":40,"column":0},"end":{"line":40,"column":22}},"40":{"start":{"line":41,"column":0},"end":{"line":41,"column":16}},"41":{"start":{"line":42,"column":0},"end":{"line":42,"column":26}},"42":{"start":{"line":43,"column":0},"end":{"line":43,"column":22}},"43":{"start":{"line":44,"column":0},"end":{"line":44,"column":18}},"44":{"start":{"line":45,"column":0},"end":{"line":45,"column":28}},"45":{"start":{"line":46,"column":0},"end":{"line":46,"column":24}},"46":{"start":{"line":47,"column":0},"end":{"line":47,"column":18}}},"s":{"7":1,"8":1,"9":1,"10":1,"11":1,"12":1,"39":1,"40":1,"41":1,"42":1,"43":1,"44":1,"45":1,"46":1},"branchMap":{"0":{"type":"branch","line":8,"loc":{"start":{"line":8,"column":7},"end":{"line":8,"column":30}},"locations":[{"start":{"line":8,"column":7},"end":{"line":8,"column":30}}]},"1":{"type":"branch","line":40,"loc":{"start":{"line":40,"column":7},"end":{"line":40,"column":22}},"locations":[{"start":{"line":40,"column":7},"end":{"line":40,"column":22}}]}},"b":{"0":[7],"1":[7]},"fnMap":{},"f":{}}
,"/Users/bowenli/development/excel_data_encryptor/src/types/file.types.ts": {"path":"/Users/bowenli/development/excel_data_encryptor/src/types/file.types.ts","all":true,"statementMap":{},"s":{},"branchMap":{"0":{"type":"branch","line":1,"loc":{"start":{"line":1,"column":619},"end":{"line":35,"column":1}},"locations":[{"start":{"line":1,"column":619},"end":{"line":35,"column":1}}]}},"b":{"0":[1]},"fnMap":{"0":{"name":"(empty-report)","decl":{"start":{"line":1,"column":619},"end":{"line":35,"column":1}},"loc":{"start":{"line":1,"column":619},"end":{"line":35,"column":1}},"line":1}},"f":{"0":1}}
,"/Users/bowenli/development/excel_data_encryptor/src/utils/validation.ts": {"path":"/Users/bowenli/development/excel_data_encryptor/src/utils/validation.ts","all":false,"statementMap":{"8":{"start":{"line":9,"column":0},"end":{"line":9,"column":58}},"10":{"start":{"line":11,"column":0},"end":{"line":11,"column":30}},"11":{"start":{"line":12,"column":0},"end":{"line":12,"column":13}},"12":{"start":{"line":13,"column":0},"end":{"line":13,"column":37}},"13":{"start":{"line":14,"column":0},"end":{"line":14,"column":79}},"14":{"start":{"line":15,"column":0},"end":{"line":15,"column":2}},"16":{"start":{"line":17,"column":0},"end":{"line":17,"column":55}},"21":{"start":{"line":22,"column":0},"end":{"line":22,"column":64}},"22":{"start":{"line":23,"column":0},"end":{"line":23,"column":35}},"23":{"start":{"line":24,"column":0},"end":{"line":24,"column":12}},"24":{"start":{"line":25,"column":0},"end":{"line":25,"column":20}},"25":{"start":{"line":26,"column":0},"end":{"line":26,"column":17}},"26":{"start":{"line":27,"column":0},"end":{"line":27,"column":6}},"27":{"start":{"line":28,"column":0},"end":{"line":28,"column":3}},"29":{"start":{"line":30,"column":0},"end":{"line":30,"column":60}},"31":{"start":{"line":32,"column":0},"end":{"line":32,"column":10}},"32":{"start":{"line":33,"column":0},"end":{"line":33,"column":19}},"33":{"start":{"line":34,"column":0},"end":{"line":34,"column":13}},"34":{"start":{"line":35,"column":0},"end":{"line":35,"column":99}},"35":{"start":{"line":36,"column":0},"end":{"line":36,"column":6}},"36":{"start":{"line":37,"column":0},"end":{"line":37,"column":4}},"37":{"start":{"line":38,"column":0},"end":{"line":38,"column":1}},"42":{"start":{"line":43,"column":0},"end":{"line":43,"column":64}},"43":{"start":{"line":44,"column":0},"end":{"line":44,"column":43}},"44":{"start":{"line":45,"column":0},"end":{"line":45,"column":43}},"47":{"start":{"line":48,"column":0},"end":{"line":48,"column":48}},"48":{"start":{"line":49,"column":0},"end":{"line":49,"column":12}},"49":{"start":{"line":50,"column":0},"end":{"line":50,"column":20}},"50":{"start":{"line":51,"column":0},"end":{"line":51,"column":17}},"51":{"start":{"line":52,"column":0},"end":{"line":52,"column":6}},"52":{"start":{"line":53,"column":0},"end":{"line":53,"column":3}},"55":{"start":{"line":56,"column":0},"end":{"line":56,"column":87}},"57":{"start":{"line":58,"column":0},"end":{"line":58,"column":26}},"58":{"start":{"line":59,"column":0},"end":{"line":59,"column":12}},"59":{"start":{"line":60,"column":0},"end":{"line":60,"column":20}},"60":{"start":{"line":61,"column":0},"end":{"line":61,"column":17}},"61":{"start":{"line":62,"column":0},"end":{"line":62,"column":6}},"62":{"start":{"line":63,"column":0},"end":{"line":63,"column":3}},"65":{"start":{"line":66,"column":0},"end":{"line":66,"column":49}},"66":{"start":{"line":67,"column":0},"end":{"line":67,"column":87}},"68":{"start":{"line":69,"column":0},"end":{"line":69,"column":10}},"69":{"start":{"line":70,"column":0},"end":{"line":70,"column":19}},"70":{"start":{"line":71,"column":0},"end":{"line":71,"column":13}},"71":{"start":{"line":72,"column":0},"end":{"line":72,"column":106}},"72":{"start":{"line":73,"column":0},"end":{"line":73,"column":6}},"73":{"start":{"line":74,"column":0},"end":{"line":74,"column":4}},"74":{"start":{"line":75,"column":0},"end":{"line":75,"column":1}},"79":{"start":{"line":80,"column":0},"end":{"line":80,"column":60}},"80":{"start":{"line":81,"column":0},"end":{"line":81,"column":48}},"81":{"start":{"line":82,"column":0},"end":{"line":82,"column":32}},"82":{"start":{"line":83,"column":0},"end":{"line":83,"column":26}},"83":{"start":{"line":84,"column":0},"end":{"line":84,"column":3}},"85":{"start":{"line":86,"column":0},"end":{"line":86,"column":48}},"86":{"start":{"line":87,"column":0},"end":{"line":87,"column":32}},"87":{"start":{"line":88,"column":0},"end":{"line":88,"column":26}},"88":{"start":{"line":89,"column":0},"end":{"line":89,"column":3}},"90":{"start":{"line":91,"column":0},"end":{"line":91,"column":10}},"91":{"start":{"line":92,"column":0},"end":{"line":92,"column":18}},"92":{"start":{"line":93,"column":0},"end":{"line":93,"column":15}},"93":{"start":{"line":94,"column":0},"end":{"line":94,"column":4}},"94":{"start":{"line":95,"column":0},"end":{"line":95,"column":1}}},"s":{"8":1,"10":1,"11":1,"12":1,"13":1,"14":1,"16":1,"21":1,"22":5,"23":3,"24":3,"25":3,"26":3,"27":3,"29":2,"31":2,"32":2,"33":2,"34":2,"35":2,"36":2,"37":2,"42":1,"43":9,"44":9,"47":9,"48":5,"49":5,"50":5,"51":5,"52":5,"55":4,"57":9,"58":0,"59":0,"60":0,"61":0,"62":0,"65":4,"66":9,"68":9,"69":9,"70":9,"71":9,"72":9,"73":9,"74":9,"79":1,"80":0,"81":0,"82":0,"83":0,"85":0,"86":0,"87":0,"88":0,"90":0,"91":0,"92":0,"93":0,"94":0},"branchMap":{"0":{"type":"branch","line":22,"loc":{"start":{"line":22,"column":7},"end":{"line":38,"column":1}},"locations":[{"start":{"line":22,"column":7},"end":{"line":38,"column":1}}]},"1":{"type":"branch","line":23,"loc":{"start":{"line":23,"column":34},"end":{"line":28,"column":3}},"locations":[{"start":{"line":23,"column":34},"end":{"line":28,"column":3}}]},"2":{"type":"branch","line":28,"loc":{"start":{"line":28,"column":2},"end":{"line":38,"column":1}},"locations":[{"start":{"line":28,"column":2},"end":{"line":38,"column":1}}]},"3":{"type":"branch","line":43,"loc":{"start":{"line":43,"column":7},"end":{"line":75,"column":1}},"locations":[{"start":{"line":43,"column":7},"end":{"line":75,"column":1}}]},"4":{"type":"branch","line":48,"loc":{"start":{"line":48,"column":47},"end":{"line":53,"column":3}},"locations":[{"start":{"line":48,"column":47},"end":{"line":53,"column":3}}]},"5":{"type":"branch","line":53,"loc":{"start":{"line":53,"column":2},"end":{"line":58,"column":25}},"locations":[{"start":{"line":53,"column":2},"end":{"line":58,"column":25}}]},"6":{"type":"branch","line":58,"loc":{"start":{"line":58,"column":25},"end":{"line":63,"column":3}},"locations":[{"start":{"line":58,"column":25},"end":{"line":63,"column":3}}]},"7":{"type":"branch","line":63,"loc":{"start":{"line":63,"column":2},"end":{"line":67,"column":42}},"locations":[{"start":{"line":63,"column":2},"end":{"line":67,"column":42}}]},"8":{"type":"branch","line":67,"loc":{"start":{"line":67,"column":37},"end":{"line":67,"column":77}},"locations":[{"start":{"line":67,"column":37},"end":{"line":67,"column":77}}]},"9":{"type":"branch","line":67,"loc":{"start":{"line":67,"column":73},"end":{"line":67,"column":87}},"locations":[{"start":{"line":67,"column":73},"end":{"line":67,"column":87}}]},"10":{"type":"branch","line":56,"loc":{"start":{"line":56,"column":54},"end":{"line":56,"column":85}},"locations":[{"start":{"line":56,"column":54},"end":{"line":56,"column":85}}]}},"b":{"0":[5],"1":[3],"2":[2],"3":[9],"4":[5],"5":[4],"6":[0],"7":[4],"8":[3],"9":[1],"10":[12]},"fnMap":{"0":{"name":"validateFileSize","decl":{"start":{"line":22,"column":7},"end":{"line":38,"column":1}},"loc":{"start":{"line":22,"column":7},"end":{"line":38,"column":1}},"line":22},"1":{"name":"validateFileType","decl":{"start":{"line":43,"column":7},"end":{"line":75,"column":1}},"loc":{"start":{"line":43,"column":7},"end":{"line":75,"column":1}},"line":43},"2":{"name":"validateFile","decl":{"start":{"line":80,"column":7},"end":{"line":95,"column":1}},"loc":{"start":{"line":80,"column":7},"end":{"line":95,"column":1}},"line":80}},"f":{"0":5,"1":9,"2":0}}
}
