{"/Users/bowenli/development/excel_data_encryptor/scripts/generate-large-datasets.js": {"path":"/Users/bowenli/development/excel_data_encryptor/scripts/generate-large-datasets.js","all":true,"statementMap":{"0":{"start":{"line":1,"column":0},"end":{"line":1,"column":3}},"1":{"start":{"line":2,"column":0},"end":{"line":2,"column":54}},"2":{"start":{"line":3,"column":0},"end":{"line":3,"column":32}},"3":{"start":{"line":4,"column":0},"end":{"line":4,"column":3}},"4":{"start":{"line":5,"column":0},"end":{"line":5,"column":0}},"5":{"start":{"line":6,"column":0},"end":{"line":6,"column":25}},"6":{"start":{"line":7,"column":0},"end":{"line":7,"column":29}},"7":{"start":{"line":8,"column":0},"end":{"line":8,"column":41}},"8":{"start":{"line":9,"column":0},"end":{"line":9,"column":0}},"9":{"start":{"line":10,"column":0},"end":{"line":10,"column":50}},"10":{"start":{"line":11,"column":0},"end":{"line":11,"column":43}},"11":{"start":{"line":12,"column":0},"end":{"line":12,"column":0}},"12":{"start":{"line":13,"column":0},"end":{"line":13,"column":60}},"13":{"start":{"line":14,"column":0},"end":{"line":14,"column":0}},"14":{"start":{"line":15,"column":0},"end":{"line":15,"column":36}},"15":{"start":{"line":16,"column":0},"end":{"line":16,"column":34}},"16":{"start":{"line":17,"column":0},"end":{"line":17,"column":49}},"17":{"start":{"line":18,"column":0},"end":{"line":18,"column":1}},"18":{"start":{"line":19,"column":0},"end":{"line":19,"column":0}},"19":{"start":{"line":20,"column":0},"end":{"line":20,"column":39}},"20":{"start":{"line":21,"column":0},"end":{"line":21,"column":45}},"21":{"start":{"line":22,"column":0},"end":{"line":22,"column":18}},"22":{"start":{"line":23,"column":0},"end":{"line":23,"column":36}},"23":{"start":{"line":24,"column":0},"end":{"line":24,"column":69}},"24":{"start":{"line":25,"column":0},"end":{"line":25,"column":3}},"25":{"start":{"line":26,"column":0},"end":{"line":26,"column":16}},"26":{"start":{"line":27,"column":0},"end":{"line":27,"column":1}},"27":{"start":{"line":28,"column":0},"end":{"line":28,"column":0}},"28":{"start":{"line":29,"column":0},"end":{"line":29,"column":32}},"29":{"start":{"line":30,"column":0},"end":{"line":30,"column":69}},"30":{"start":{"line":31,"column":0},"end":{"line":31,"column":1}},"31":{"start":{"line":32,"column":0},"end":{"line":32,"column":0}},"32":{"start":{"line":33,"column":0},"end":{"line":33,"column":32}},"33":{"start":{"line":34,"column":0},"end":{"line":34,"column":58}},"34":{"start":{"line":35,"column":0},"end":{"line":35,"column":1}},"35":{"start":{"line":36,"column":0},"end":{"line":36,"column":0}},"36":{"start":{"line":37,"column":0},"end":{"line":37,"column":55}},"37":{"start":{"line":38,"column":0},"end":{"line":38,"column":49}},"38":{"start":{"line":39,"column":0},"end":{"line":39,"column":52}},"39":{"start":{"line":40,"column":0},"end":{"line":40,"column":0}},"40":{"start":{"line":41,"column":0},"end":{"line":41,"column":66}},"41":{"start":{"line":42,"column":0},"end":{"line":42,"column":37}},"42":{"start":{"line":43,"column":0},"end":{"line":43,"column":0}},"43":{"start":{"line":44,"column":0},"end":{"line":44,"column":34}},"44":{"start":{"line":45,"column":0},"end":{"line":45,"column":19}},"45":{"start":{"line":46,"column":0},"end":{"line":46,"column":0}},"46":{"start":{"line":47,"column":0},"end":{"line":47,"column":37}},"47":{"start":{"line":48,"column":0},"end":{"line":48,"column":152}},"48":{"start":{"line":49,"column":0},"end":{"line":49,"column":37}},"49":{"start":{"line":50,"column":0},"end":{"line":50,"column":30}},"50":{"start":{"line":51,"column":0},"end":{"line":51,"column":15}},"51":{"start":{"line":52,"column":0},"end":{"line":52,"column":0}},"52":{"start":{"line":53,"column":0},"end":{"line":53,"column":33}},"53":{"start":{"line":54,"column":0},"end":{"line":54,"column":111}},"54":{"start":{"line":55,"column":0},"end":{"line":55,"column":5}},"55":{"start":{"line":56,"column":0},"end":{"line":56,"column":3}},"56":{"start":{"line":57,"column":0},"end":{"line":57,"column":0}},"57":{"start":{"line":58,"column":0},"end":{"line":58,"column":61}},"58":{"start":{"line":59,"column":0},"end":{"line":59,"column":94}},"59":{"start":{"line":60,"column":0},"end":{"line":60,"column":1}},"60":{"start":{"line":61,"column":0},"end":{"line":61,"column":0}},"61":{"start":{"line":62,"column":0},"end":{"line":62,"column":20}},"62":{"start":{"line":63,"column":0},"end":{"line":63,"column":70}},"63":{"start":{"line":64,"column":0},"end":{"line":64,"column":0}},"64":{"start":{"line":65,"column":0},"end":{"line":65,"column":40}},"65":{"start":{"line":66,"column":0},"end":{"line":66,"column":42}},"66":{"start":{"line":67,"column":0},"end":{"line":67,"column":42}},"67":{"start":{"line":68,"column":0},"end":{"line":68,"column":0}},"68":{"start":{"line":69,"column":0},"end":{"line":69,"column":67}}},"s":{"0":0,"1":0,"2":0,"3":0,"4":0,"5":0,"6":0,"7":0,"8":0,"9":0,"10":0,"11":0,"12":0,"13":0,"14":0,"15":0,"16":0,"17":0,"18":0,"19":0,"20":0,"21":0,"22":0,"23":0,"24":0,"25":0,"26":0,"27":0,"28":0,"29":0,"30":0,"31":0,"32":0,"33":0,"34":0,"35":0,"36":0,"37":0,"38":0,"39":0,"40":0,"41":0,"42":0,"43":0,"44":0,"45":0,"46":0,"47":0,"48":0,"49":0,"50":0,"51":0,"52":0,"53":0,"54":0,"55":0,"56":0,"57":0,"58":0,"59":0,"60":0,"61":0,"62":0,"63":0,"64":0,"65":0,"66":0,"67":0,"68":0},"branchMap":{"0":{"type":"branch","line":1,"loc":{"start":{"line":1,"column":0},"end":{"line":69,"column":-361}},"locations":[{"start":{"line":1,"column":0},"end":{"line":69,"column":-361}}]}},"b":{"0":[0]},"fnMap":{"0":{"name":"(empty-report)","decl":{"start":{"line":1,"column":0},"end":{"line":69,"column":-361}},"loc":{"start":{"line":1,"column":0},"end":{"line":69,"column":-361}},"line":1}},"f":{"0":0}}
,"/Users/bowenli/development/excel_data_encryptor/scripts/generate-test-fixtures.js": {"path":"/Users/bowenli/development/excel_data_encryptor/scripts/generate-test-fixtures.js","all":true,"statementMap":{"0":{"start":{"line":1,"column":0},"end":{"line":1,"column":19}},"1":{"start":{"line":2,"column":0},"end":{"line":2,"column":3}},"2":{"start":{"line":3,"column":0},"end":{"line":3,"column":55}},"3":{"start":{"line":4,"column":0},"end":{"line":4,"column":3}},"4":{"start":{"line":5,"column":0},"end":{"line":5,"column":0}},"5":{"start":{"line":6,"column":0},"end":{"line":6,"column":24}},"6":{"start":{"line":7,"column":0},"end":{"line":7,"column":25}},"7":{"start":{"line":8,"column":0},"end":{"line":8,"column":29}},"8":{"start":{"line":9,"column":0},"end":{"line":9,"column":41}},"9":{"start":{"line":10,"column":0},"end":{"line":10,"column":0}},"10":{"start":{"line":11,"column":0},"end":{"line":11,"column":50}},"11":{"start":{"line":12,"column":0},"end":{"line":12,"column":43}},"12":{"start":{"line":13,"column":0},"end":{"line":13,"column":60}},"13":{"start":{"line":14,"column":0},"end":{"line":14,"column":0}},"14":{"start":{"line":15,"column":0},"end":{"line":15,"column":36}},"15":{"start":{"line":16,"column":0},"end":{"line":16,"column":34}},"16":{"start":{"line":17,"column":0},"end":{"line":17,"column":49}},"17":{"start":{"line":18,"column":0},"end":{"line":18,"column":1}},"18":{"start":{"line":19,"column":0},"end":{"line":19,"column":0}},"19":{"start":{"line":20,"column":0},"end":{"line":20,"column":50}},"20":{"start":{"line":21,"column":0},"end":{"line":21,"column":33}},"21":{"start":{"line":22,"column":0},"end":{"line":22,"column":16}},"22":{"start":{"line":23,"column":0},"end":{"line":23,"column":65}},"23":{"start":{"line":24,"column":0},"end":{"line":24,"column":81}},"24":{"start":{"line":25,"column":0},"end":{"line":25,"column":66}},"25":{"start":{"line":26,"column":0},"end":{"line":26,"column":4}},"26":{"start":{"line":27,"column":0},"end":{"line":27,"column":0}},"27":{"start":{"line":28,"column":0},"end":{"line":28,"column":43}},"28":{"start":{"line":29,"column":0},"end":{"line":29,"column":35}},"29":{"start":{"line":30,"column":0},"end":{"line":30,"column":52}},"30":{"start":{"line":31,"column":0},"end":{"line":31,"column":0}},"31":{"start":{"line":32,"column":0},"end":{"line":32,"column":66}},"32":{"start":{"line":33,"column":0},"end":{"line":33,"column":31}},"33":{"start":{"line":34,"column":0},"end":{"line":34,"column":48}},"34":{"start":{"line":35,"column":0},"end":{"line":35,"column":1}},"35":{"start":{"line":36,"column":0},"end":{"line":36,"column":0}},"36":{"start":{"line":37,"column":0},"end":{"line":37,"column":71}},"37":{"start":{"line":38,"column":0},"end":{"line":38,"column":33}},"38":{"start":{"line":39,"column":0},"end":{"line":39,"column":16}},"39":{"start":{"line":40,"column":0},"end":{"line":40,"column":65}},"40":{"start":{"line":41,"column":0},"end":{"line":41,"column":69}},"41":{"start":{"line":42,"column":0},"end":{"line":42,"column":53}},"42":{"start":{"line":43,"column":0},"end":{"line":43,"column":43}},"43":{"start":{"line":44,"column":0},"end":{"line":44,"column":4}},"44":{"start":{"line":45,"column":0},"end":{"line":45,"column":0}},"45":{"start":{"line":46,"column":0},"end":{"line":46,"column":43}},"46":{"start":{"line":47,"column":0},"end":{"line":47,"column":35}},"47":{"start":{"line":48,"column":0},"end":{"line":48,"column":49}},"48":{"start":{"line":49,"column":0},"end":{"line":49,"column":0}},"49":{"start":{"line":50,"column":0},"end":{"line":50,"column":66}},"50":{"start":{"line":51,"column":0},"end":{"line":51,"column":31}},"51":{"start":{"line":52,"column":0},"end":{"line":52,"column":48}},"52":{"start":{"line":53,"column":0},"end":{"line":53,"column":1}},"53":{"start":{"line":54,"column":0},"end":{"line":54,"column":0}},"54":{"start":{"line":55,"column":0},"end":{"line":55,"column":21}},"55":{"start":{"line":56,"column":0},"end":{"line":56,"column":45}},"56":{"start":{"line":57,"column":0},"end":{"line":57,"column":23}},"57":{"start":{"line":58,"column":0},"end":{"line":58,"column":23}},"58":{"start":{"line":59,"column":0},"end":{"line":59,"column":58}}},"s":{"0":0,"1":0,"2":0,"3":0,"4":0,"5":0,"6":0,"7":0,"8":0,"9":0,"10":0,"11":0,"12":0,"13":0,"14":0,"15":0,"16":0,"17":0,"18":0,"19":0,"20":0,"21":0,"22":0,"23":0,"24":0,"25":0,"26":0,"27":0,"28":0,"29":0,"30":0,"31":0,"32":0,"33":0,"34":0,"35":0,"36":0,"37":0,"38":0,"39":0,"40":0,"41":0,"42":0,"43":0,"44":0,"45":0,"46":0,"47":0,"48":0,"49":0,"50":0,"51":0,"52":0,"53":0,"54":0,"55":0,"56":0,"57":0,"58":0},"branchMap":{"0":{"type":"branch","line":1,"loc":{"start":{"line":1,"column":0},"end":{"line":59,"column":-488}},"locations":[{"start":{"line":1,"column":0},"end":{"line":59,"column":-488}}]}},"b":{"0":[0]},"fnMap":{"0":{"name":"(empty-report)","decl":{"start":{"line":1,"column":0},"end":{"line":59,"column":-488}},"loc":{"start":{"line":1,"column":0},"end":{"line":59,"column":-488}},"line":1}},"f":{"0":0}}
,"/Users/bowenli/development/excel_data_encryptor/specs/001-develop-a-web/contracts/encryption-service.contract.ts": {"path":"/Users/bowenli/development/excel_data_encryptor/specs/001-develop-a-web/contracts/encryption-service.contract.ts","all":true,"statementMap":{"38":{"start":{"line":39,"column":0},"end":{"line":39,"column":30}},"39":{"start":{"line":40,"column":0},"end":{"line":40,"column":27}},"40":{"start":{"line":41,"column":0},"end":{"line":41,"column":25}},"41":{"start":{"line":42,"column":0},"end":{"line":42,"column":20}},"42":{"start":{"line":43,"column":0},"end":{"line":43,"column":18}}},"s":{"38":0,"39":0,"40":0,"41":0,"42":0},"branchMap":{"0":{"type":"branch","line":1,"loc":{"start":{"line":1,"column":10694},"end":{"line":336,"column":3}},"locations":[{"start":{"line":1,"column":10694},"end":{"line":336,"column":3}}]}},"b":{"0":[1]},"fnMap":{"0":{"name":"(empty-report)","decl":{"start":{"line":1,"column":10694},"end":{"line":336,"column":3}},"loc":{"start":{"line":1,"column":10694},"end":{"line":336,"column":3}},"line":1}},"f":{"0":1}}
,"/Users/bowenli/development/excel_data_encryptor/src/App.tsx": {"path":"/Users/bowenli/development/excel_data_encryptor/src/App.tsx","all":true,"statementMap":{"0":{"start":{"line":1,"column":0},"end":{"line":1,"column":3}},"5":{"start":{"line":6,"column":0},"end":{"line":6,"column":64}},"18":{"start":{"line":19,"column":0},"end":{"line":19,"column":14}},"20":{"start":{"line":21,"column":0},"end":{"line":21,"column":33}},"21":{"start":{"line":22,"column":0},"end":{"line":22,"column":79}},"22":{"start":{"line":23,"column":0},"end":{"line":23,"column":57}},"28":{"start":{"line":29,"column":0},"end":{"line":29,"column":34}},"29":{"start":{"line":30,"column":0},"end":{"line":30,"column":77}},"32":{"start":{"line":33,"column":0},"end":{"line":33,"column":50}},"34":{"start":{"line":35,"column":0},"end":{"line":35,"column":38}},"35":{"start":{"line":36,"column":0},"end":{"line":36,"column":40}},"36":{"start":{"line":37,"column":0},"end":{"line":37,"column":27}},"40":{"start":{"line":41,"column":0},"end":{"line":41,"column":16}},"41":{"start":{"line":42,"column":0},"end":{"line":42,"column":59}},"42":{"start":{"line":43,"column":0},"end":{"line":43,"column":54}},"43":{"start":{"line":44,"column":0},"end":{"line":44,"column":72}},"44":{"start":{"line":45,"column":0},"end":{"line":45,"column":76}},"45":{"start":{"line":46,"column":0},"end":{"line":46,"column":46}},"46":{"start":{"line":47,"column":0},"end":{"line":47,"column":63}},"47":{"start":{"line":48,"column":0},"end":{"line":48,"column":87}},"50":{"start":{"line":51,"column":0},"end":{"line":51,"column":81}},"53":{"start":{"line":54,"column":0},"end":{"line":54,"column":76}},"55":{"start":{"line":56,"column":0},"end":{"line":56,"column":90}},"56":{"start":{"line":57,"column":0},"end":{"line":57,"column":39}},"59":{"start":{"line":60,"column":0},"end":{"line":60,"column":45}},"60":{"start":{"line":61,"column":0},"end":{"line":61,"column":30}},"61":{"start":{"line":62,"column":0},"end":{"line":62,"column":24}},"62":{"start":{"line":63,"column":0},"end":{"line":63,"column":72}},"63":{"start":{"line":64,"column":0},"end":{"line":64,"column":13}},"64":{"start":{"line":65,"column":0},"end":{"line":65,"column":5}},"66":{"start":{"line":67,"column":0},"end":{"line":67,"column":24}},"67":{"start":{"line":68,"column":0},"end":{"line":68,"column":21}},"68":{"start":{"line":69,"column":0},"end":{"line":69,"column":24}},"70":{"start":{"line":71,"column":0},"end":{"line":71,"column":9}},"72":{"start":{"line":73,"column":0},"end":{"line":73,"column":47}},"73":{"start":{"line":74,"column":0},"end":{"line":74,"column":29}},"75":{"start":{"line":76,"column":0},"end":{"line":76,"column":33}},"76":{"start":{"line":77,"column":0},"end":{"line":77,"column":43}},"77":{"start":{"line":78,"column":0},"end":{"line":78,"column":38}},"78":{"start":{"line":79,"column":0},"end":{"line":79,"column":41}},"79":{"start":{"line":80,"column":0},"end":{"line":80,"column":14}},"80":{"start":{"line":81,"column":0},"end":{"line":81,"column":51}},"81":{"start":{"line":82,"column":0},"end":{"line":82,"column":7}},"83":{"start":{"line":84,"column":0},"end":{"line":84,"column":28}},"86":{"start":{"line":87,"column":0},"end":{"line":87,"column":57}},"87":{"start":{"line":88,"column":0},"end":{"line":88,"column":34}},"90":{"start":{"line":91,"column":0},"end":{"line":91,"column":46}},"91":{"start":{"line":92,"column":0},"end":{"line":92,"column":26}},"92":{"start":{"line":93,"column":0},"end":{"line":93,"column":24}},"93":{"start":{"line":94,"column":0},"end":{"line":94,"column":160}},"94":{"start":{"line":95,"column":0},"end":{"line":95,"column":10}},"95":{"start":{"line":96,"column":0},"end":{"line":96,"column":15}},"96":{"start":{"line":97,"column":0},"end":{"line":97,"column":7}},"98":{"start":{"line":99,"column":0},"end":{"line":99,"column":24}},"99":{"start":{"line":100,"column":0},"end":{"line":100,"column":21}},"100":{"start":{"line":101,"column":0},"end":{"line":101,"column":24}},"101":{"start":{"line":102,"column":0},"end":{"line":102,"column":87}},"102":{"start":{"line":103,"column":0},"end":{"line":103,"column":5}},"103":{"start":{"line":104,"column":0},"end":{"line":104,"column":4}},"105":{"start":{"line":106,"column":0},"end":{"line":106,"column":37}},"106":{"start":{"line":107,"column":0},"end":{"line":107,"column":37}},"108":{"start":{"line":109,"column":0},"end":{"line":109,"column":27}},"109":{"start":{"line":110,"column":0},"end":{"line":110,"column":19}},"111":{"start":{"line":112,"column":0},"end":{"line":112,"column":33}},"112":{"start":{"line":113,"column":0},"end":{"line":113,"column":27}},"114":{"start":{"line":115,"column":0},"end":{"line":115,"column":9}},"116":{"start":{"line":117,"column":0},"end":{"line":117,"column":49}},"117":{"start":{"line":118,"column":0},"end":{"line":118,"column":98}},"118":{"start":{"line":119,"column":0},"end":{"line":119,"column":29}},"121":{"start":{"line":122,"column":0},"end":{"line":122,"column":28}},"122":{"start":{"line":123,"column":0},"end":{"line":123,"column":65}},"123":{"start":{"line":124,"column":0},"end":{"line":124,"column":71}},"126":{"start":{"line":127,"column":0},"end":{"line":127,"column":59}},"127":{"start":{"line":128,"column":0},"end":{"line":128,"column":44}},"128":{"start":{"line":129,"column":0},"end":{"line":129,"column":29}},"131":{"start":{"line":132,"column":0},"end":{"line":132,"column":49}},"132":{"start":{"line":133,"column":0},"end":{"line":133,"column":35}},"133":{"start":{"line":134,"column":0},"end":{"line":134,"column":57}},"136":{"start":{"line":137,"column":0},"end":{"line":137,"column":86}},"137":{"start":{"line":138,"column":0},"end":{"line":138,"column":64}},"138":{"start":{"line":139,"column":0},"end":{"line":139,"column":48}},"139":{"start":{"line":140,"column":0},"end":{"line":140,"column":33}},"140":{"start":{"line":141,"column":0},"end":{"line":141,"column":15}},"142":{"start":{"line":143,"column":0},"end":{"line":143,"column":31}},"143":{"start":{"line":144,"column":0},"end":{"line":144,"column":75}},"144":{"start":{"line":145,"column":0},"end":{"line":145,"column":13}},"145":{"start":{"line":146,"column":0},"end":{"line":146,"column":11}},"146":{"start":{"line":147,"column":0},"end":{"line":147,"column":9}},"149":{"start":{"line":150,"column":0},"end":{"line":150,"column":63}},"150":{"start":{"line":151,"column":0},"end":{"line":151,"column":7}},"153":{"start":{"line":154,"column":0},"end":{"line":154,"column":41}},"154":{"start":{"line":155,"column":0},"end":{"line":155,"column":22}},"155":{"start":{"line":156,"column":0},"end":{"line":156,"column":28}},"156":{"start":{"line":157,"column":0},"end":{"line":157,"column":8}},"158":{"start":{"line":159,"column":0},"end":{"line":159,"column":44}},"159":{"start":{"line":160,"column":0},"end":{"line":160,"column":18}},"160":{"start":{"line":161,"column":0},"end":{"line":161,"column":100}},"162":{"start":{"line":163,"column":0},"end":{"line":163,"column":59}},"165":{"start":{"line":166,"column":0},"end":{"line":166,"column":35}},"168":{"start":{"line":169,"column":0},"end":{"line":169,"column":46}},"169":{"start":{"line":170,"column":0},"end":{"line":170,"column":16}},"170":{"start":{"line":171,"column":0},"end":{"line":171,"column":42}},"171":{"start":{"line":172,"column":0},"end":{"line":172,"column":39}},"172":{"start":{"line":173,"column":0},"end":{"line":173,"column":17}},"173":{"start":{"line":174,"column":0},"end":{"line":174,"column":9}},"175":{"start":{"line":176,"column":0},"end":{"line":176,"column":27}},"176":{"start":{"line":177,"column":0},"end":{"line":177,"column":23}},"177":{"start":{"line":178,"column":0},"end":{"line":178,"column":21}},"178":{"start":{"line":179,"column":0},"end":{"line":179,"column":24}},"179":{"start":{"line":180,"column":0},"end":{"line":180,"column":84}},"180":{"start":{"line":181,"column":0},"end":{"line":181,"column":5}},"181":{"start":{"line":182,"column":0},"end":{"line":182,"column":4}},"183":{"start":{"line":184,"column":0},"end":{"line":184,"column":29}},"184":{"start":{"line":185,"column":0},"end":{"line":185,"column":21}},"185":{"start":{"line":186,"column":0},"end":{"line":186,"column":18}},"186":{"start":{"line":187,"column":0},"end":{"line":187,"column":24}},"187":{"start":{"line":188,"column":0},"end":{"line":188,"column":26}},"188":{"start":{"line":189,"column":0},"end":{"line":189,"column":19}},"189":{"start":{"line":190,"column":0},"end":{"line":190,"column":24}},"190":{"start":{"line":191,"column":0},"end":{"line":191,"column":63}},"191":{"start":{"line":192,"column":0},"end":{"line":192,"column":4}},"193":{"start":{"line":194,"column":0},"end":{"line":194,"column":83}},"194":{"start":{"line":195,"column":0},"end":{"line":195,"column":45}},"195":{"start":{"line":196,"column":0},"end":{"line":196,"column":23}},"197":{"start":{"line":198,"column":0},"end":{"line":198,"column":35}},"200":{"start":{"line":201,"column":0},"end":{"line":201,"column":47}},"201":{"start":{"line":202,"column":0},"end":{"line":202,"column":32}},"202":{"start":{"line":203,"column":0},"end":{"line":203,"column":26}},"203":{"start":{"line":204,"column":0},"end":{"line":204,"column":74}},"204":{"start":{"line":205,"column":0},"end":{"line":205,"column":15}},"205":{"start":{"line":206,"column":0},"end":{"line":206,"column":7}},"207":{"start":{"line":208,"column":0},"end":{"line":208,"column":26}},"208":{"start":{"line":209,"column":0},"end":{"line":209,"column":23}},"209":{"start":{"line":210,"column":0},"end":{"line":210,"column":26}},"211":{"start":{"line":212,"column":0},"end":{"line":212,"column":11}},"213":{"start":{"line":214,"column":0},"end":{"line":214,"column":49}},"214":{"start":{"line":215,"column":0},"end":{"line":215,"column":31}},"216":{"start":{"line":217,"column":0},"end":{"line":217,"column":35}},"217":{"start":{"line":218,"column":0},"end":{"line":218,"column":45}},"218":{"start":{"line":219,"column":0},"end":{"line":219,"column":40}},"219":{"start":{"line":220,"column":0},"end":{"line":220,"column":43}},"220":{"start":{"line":221,"column":0},"end":{"line":221,"column":16}},"221":{"start":{"line":222,"column":0},"end":{"line":222,"column":53}},"222":{"start":{"line":223,"column":0},"end":{"line":223,"column":9}},"224":{"start":{"line":225,"column":0},"end":{"line":225,"column":30}},"227":{"start":{"line":228,"column":0},"end":{"line":228,"column":59}},"228":{"start":{"line":229,"column":0},"end":{"line":229,"column":36}},"231":{"start":{"line":232,"column":0},"end":{"line":232,"column":48}},"232":{"start":{"line":233,"column":0},"end":{"line":233,"column":28}},"233":{"start":{"line":234,"column":0},"end":{"line":234,"column":26}},"234":{"start":{"line":235,"column":0},"end":{"line":235,"column":162}},"235":{"start":{"line":236,"column":0},"end":{"line":236,"column":12}},"236":{"start":{"line":237,"column":0},"end":{"line":237,"column":17}},"237":{"start":{"line":238,"column":0},"end":{"line":238,"column":9}},"239":{"start":{"line":240,"column":0},"end":{"line":240,"column":26}},"240":{"start":{"line":241,"column":0},"end":{"line":241,"column":23}},"241":{"start":{"line":242,"column":0},"end":{"line":242,"column":26}},"242":{"start":{"line":243,"column":0},"end":{"line":243,"column":89}},"243":{"start":{"line":244,"column":0},"end":{"line":244,"column":7}},"244":{"start":{"line":245,"column":0},"end":{"line":245,"column":5}},"245":{"start":{"line":246,"column":0},"end":{"line":246,"column":4}},"247":{"start":{"line":248,"column":0},"end":{"line":248,"column":10}},"248":{"start":{"line":249,"column":0},"end":{"line":249,"column":69}},"249":{"start":{"line":250,"column":0},"end":{"line":250,"column":13}},"250":{"start":{"line":251,"column":0},"end":{"line":251,"column":97}},"252":{"start":{"line":253,"column":0},"end":{"line":253,"column":57}},"253":{"start":{"line":254,"column":0},"end":{"line":254,"column":69}},"254":{"start":{"line":255,"column":0},"end":{"line":255,"column":49}},"256":{"start":{"line":257,"column":0},"end":{"line":257,"column":18}},"257":{"start":{"line":258,"column":0},"end":{"line":258,"column":16}},"258":{"start":{"line":259,"column":0},"end":{"line":259,"column":15}},"260":{"start":{"line":261,"column":0},"end":{"line":261,"column":14}},"261":{"start":{"line":262,"column":0},"end":{"line":262,"column":16}},"262":{"start":{"line":263,"column":0},"end":{"line":263,"column":46}},"263":{"start":{"line":264,"column":0},"end":{"line":264,"column":25}},"264":{"start":{"line":265,"column":0},"end":{"line":265,"column":27}},"265":{"start":{"line":266,"column":0},"end":{"line":266,"column":24}},"266":{"start":{"line":267,"column":0},"end":{"line":267,"column":10}},"268":{"start":{"line":269,"column":0},"end":{"line":269,"column":48}},"269":{"start":{"line":270,"column":0},"end":{"line":270,"column":39}},"270":{"start":{"line":271,"column":0},"end":{"line":271,"column":18}},"271":{"start":{"line":272,"column":0},"end":{"line":272,"column":81}},"272":{"start":{"line":273,"column":0},"end":{"line":273,"column":21}},"273":{"start":{"line":274,"column":0},"end":{"line":274,"column":84}},"274":{"start":{"line":275,"column":0},"end":{"line":275,"column":29}},"278":{"start":{"line":279,"column":0},"end":{"line":279,"column":30}},"279":{"start":{"line":280,"column":0},"end":{"line":280,"column":22}},"281":{"start":{"line":282,"column":0},"end":{"line":282,"column":22}},"282":{"start":{"line":283,"column":0},"end":{"line":283,"column":43}},"283":{"start":{"line":284,"column":0},"end":{"line":284,"column":31}},"284":{"start":{"line":285,"column":0},"end":{"line":285,"column":22}},"285":{"start":{"line":286,"column":0},"end":{"line":286,"column":93}},"286":{"start":{"line":287,"column":0},"end":{"line":287,"column":26}},"288":{"start":{"line":289,"column":0},"end":{"line":289,"column":27}},"289":{"start":{"line":290,"column":0},"end":{"line":290,"column":55}},"290":{"start":{"line":291,"column":0},"end":{"line":291,"column":23}},"292":{"start":{"line":293,"column":0},"end":{"line":293,"column":29}},"293":{"start":{"line":294,"column":0},"end":{"line":294,"column":26}},"294":{"start":{"line":295,"column":0},"end":{"line":295,"column":18}},"296":{"start":{"line":297,"column":0},"end":{"line":297,"column":39}},"297":{"start":{"line":298,"column":0},"end":{"line":298,"column":24}},"298":{"start":{"line":299,"column":0},"end":{"line":299,"column":35}},"299":{"start":{"line":300,"column":0},"end":{"line":300,"column":46}},"300":{"start":{"line":301,"column":0},"end":{"line":301,"column":32}},"301":{"start":{"line":302,"column":0},"end":{"line":302,"column":28}},"302":{"start":{"line":303,"column":0},"end":{"line":303,"column":28}},"303":{"start":{"line":304,"column":0},"end":{"line":304,"column":52}},"304":{"start":{"line":305,"column":0},"end":{"line":305,"column":20}},"307":{"start":{"line":308,"column":0},"end":{"line":308,"column":61}},"308":{"start":{"line":309,"column":0},"end":{"line":309,"column":20}},"309":{"start":{"line":310,"column":0},"end":{"line":310,"column":38}},"310":{"start":{"line":311,"column":0},"end":{"line":311,"column":26}},"311":{"start":{"line":312,"column":0},"end":{"line":312,"column":32}},"312":{"start":{"line":313,"column":0},"end":{"line":313,"column":46}},"313":{"start":{"line":314,"column":0},"end":{"line":314,"column":47}},"314":{"start":{"line":315,"column":0},"end":{"line":315,"column":55}},"315":{"start":{"line":316,"column":0},"end":{"line":316,"column":46}},"316":{"start":{"line":317,"column":0},"end":{"line":317,"column":26}},"318":{"start":{"line":319,"column":0},"end":{"line":319,"column":60}},"319":{"start":{"line":320,"column":0},"end":{"line":320,"column":43}},"320":{"start":{"line":321,"column":0},"end":{"line":321,"column":28}},"321":{"start":{"line":322,"column":0},"end":{"line":322,"column":79}},"322":{"start":{"line":323,"column":0},"end":{"line":323,"column":55}},"324":{"start":{"line":325,"column":0},"end":{"line":325,"column":28}},"325":{"start":{"line":326,"column":0},"end":{"line":326,"column":30}},"326":{"start":{"line":327,"column":0},"end":{"line":327,"column":37}},"327":{"start":{"line":328,"column":0},"end":{"line":328,"column":50}},"328":{"start":{"line":329,"column":0},"end":{"line":329,"column":58}},"329":{"start":{"line":330,"column":0},"end":{"line":330,"column":34}},"330":{"start":{"line":331,"column":0},"end":{"line":331,"column":46}},"331":{"start":{"line":332,"column":0},"end":{"line":332,"column":42}},"332":{"start":{"line":333,"column":0},"end":{"line":333,"column":44}},"333":{"start":{"line":334,"column":0},"end":{"line":334,"column":45}},"334":{"start":{"line":335,"column":0},"end":{"line":335,"column":46}},"335":{"start":{"line":336,"column":0},"end":{"line":336,"column":28}},"336":{"start":{"line":337,"column":0},"end":{"line":337,"column":52}},"337":{"start":{"line":338,"column":0},"end":{"line":338,"column":26}},"338":{"start":{"line":339,"column":0},"end":{"line":339,"column":28}},"340":{"start":{"line":341,"column":0},"end":{"line":341,"column":30}},"341":{"start":{"line":342,"column":0},"end":{"line":342,"column":35}},"342":{"start":{"line":343,"column":0},"end":{"line":343,"column":40}},"343":{"start":{"line":344,"column":0},"end":{"line":344,"column":48}},"344":{"start":{"line":345,"column":0},"end":{"line":345,"column":56}},"345":{"start":{"line":346,"column":0},"end":{"line":346,"column":46}},"346":{"start":{"line":347,"column":0},"end":{"line":347,"column":49}},"348":{"start":{"line":349,"column":0},"end":{"line":349,"column":60}},"349":{"start":{"line":350,"column":0},"end":{"line":350,"column":43}},"350":{"start":{"line":351,"column":0},"end":{"line":351,"column":28}},"351":{"start":{"line":352,"column":0},"end":{"line":352,"column":100}},"352":{"start":{"line":353,"column":0},"end":{"line":353,"column":55}},"354":{"start":{"line":355,"column":0},"end":{"line":355,"column":28}},"355":{"start":{"line":356,"column":0},"end":{"line":356,"column":32}},"357":{"start":{"line":358,"column":0},"end":{"line":358,"column":21}},"360":{"start":{"line":361,"column":0},"end":{"line":361,"column":97}},"362":{"start":{"line":363,"column":0},"end":{"line":363,"column":89}},"363":{"start":{"line":364,"column":0},"end":{"line":364,"column":25}},"364":{"start":{"line":365,"column":0},"end":{"line":365,"column":33}},"365":{"start":{"line":366,"column":0},"end":{"line":366,"column":64}},"366":{"start":{"line":367,"column":0},"end":{"line":367,"column":47}},"367":{"start":{"line":368,"column":0},"end":{"line":368,"column":85}},"368":{"start":{"line":369,"column":0},"end":{"line":369,"column":37}},"369":{"start":{"line":370,"column":0},"end":{"line":370,"column":44}},"370":{"start":{"line":371,"column":0},"end":{"line":371,"column":85}},"371":{"start":{"line":372,"column":0},"end":{"line":372,"column":67}},"372":{"start":{"line":373,"column":0},"end":{"line":373,"column":44}},"373":{"start":{"line":374,"column":0},"end":{"line":374,"column":56}},"374":{"start":{"line":375,"column":0},"end":{"line":375,"column":64}},"375":{"start":{"line":376,"column":0},"end":{"line":376,"column":44}},"376":{"start":{"line":377,"column":0},"end":{"line":377,"column":70}},"377":{"start":{"line":378,"column":0},"end":{"line":378,"column":41}},"378":{"start":{"line":379,"column":0},"end":{"line":379,"column":54}},"379":{"start":{"line":380,"column":0},"end":{"line":380,"column":55}},"380":{"start":{"line":381,"column":0},"end":{"line":381,"column":40}},"381":{"start":{"line":382,"column":0},"end":{"line":382,"column":44}},"382":{"start":{"line":383,"column":0},"end":{"line":383,"column":37}},"383":{"start":{"line":384,"column":0},"end":{"line":384,"column":27}},"386":{"start":{"line":387,"column":0},"end":{"line":387,"column":44}},"387":{"start":{"line":388,"column":0},"end":{"line":388,"column":23}},"388":{"start":{"line":389,"column":0},"end":{"line":389,"column":61}},"389":{"start":{"line":390,"column":0},"end":{"line":390,"column":67}},"390":{"start":{"line":391,"column":0},"end":{"line":391,"column":24}},"393":{"start":{"line":394,"column":0},"end":{"line":394,"column":42}},"394":{"start":{"line":395,"column":0},"end":{"line":395,"column":24}},"395":{"start":{"line":396,"column":0},"end":{"line":396,"column":38}},"396":{"start":{"line":397,"column":0},"end":{"line":397,"column":216}},"397":{"start":{"line":398,"column":0},"end":{"line":398,"column":34}},"398":{"start":{"line":399,"column":0},"end":{"line":399,"column":28}},"399":{"start":{"line":400,"column":0},"end":{"line":400,"column":20}},"402":{"start":{"line":403,"column":0},"end":{"line":403,"column":39}},"403":{"start":{"line":404,"column":0},"end":{"line":404,"column":25}},"404":{"start":{"line":405,"column":0},"end":{"line":405,"column":34}},"405":{"start":{"line":406,"column":0},"end":{"line":406,"column":32}},"406":{"start":{"line":407,"column":0},"end":{"line":407,"column":43}},"407":{"start":{"line":408,"column":0},"end":{"line":408,"column":48}},"408":{"start":{"line":409,"column":0},"end":{"line":409,"column":25}},"409":{"start":{"line":410,"column":0},"end":{"line":410,"column":19}},"411":{"start":{"line":412,"column":0},"end":{"line":412,"column":27}},"414":{"start":{"line":415,"column":0},"end":{"line":415,"column":65}},"415":{"start":{"line":416,"column":0},"end":{"line":416,"column":54}},"417":{"start":{"line":418,"column":0},"end":{"line":418,"column":27}},"419":{"start":{"line":420,"column":0},"end":{"line":420,"column":22}},"420":{"start":{"line":421,"column":0},"end":{"line":421,"column":19}},"421":{"start":{"line":422,"column":0},"end":{"line":422,"column":16}},"422":{"start":{"line":423,"column":0},"end":{"line":423,"column":14}},"423":{"start":{"line":424,"column":0},"end":{"line":424,"column":16}},"424":{"start":{"line":425,"column":0},"end":{"line":425,"column":16}},"426":{"start":{"line":427,"column":0},"end":{"line":427,"column":1}},"428":{"start":{"line":429,"column":0},"end":{"line":429,"column":19}}},"s":{"0":0,"5":0,"18":0,"20":0,"21":0,"22":0,"28":0,"29":0,"32":0,"34":0,"35":0,"36":0,"40":0,"41":0,"42":0,"43":0,"44":0,"45":0,"46":0,"47":0,"50":0,"53":0,"55":0,"56":0,"59":0,"60":0,"61":0,"62":0,"63":0,"64":0,"66":0,"67":0,"68":0,"70":0,"72":0,"73":0,"75":0,"76":0,"77":0,"78":0,"79":0,"80":0,"81":0,"83":0,"86":0,"87":0,"90":0,"91":0,"92":0,"93":0,"94":0,"95":0,"96":0,"98":0,"99":0,"100":0,"101":0,"102":0,"103":0,"105":0,"106":0,"108":0,"109":0,"111":0,"112":0,"114":0,"116":0,"117":0,"118":0,"121":0,"122":0,"123":0,"126":0,"127":0,"128":0,"131":0,"132":0,"133":0,"136":0,"137":0,"138":0,"139":0,"140":0,"142":0,"143":0,"144":0,"145":0,"146":0,"149":0,"150":0,"153":0,"154":0,"155":0,"156":0,"158":0,"159":0,"160":0,"162":0,"165":0,"168":0,"169":0,"170":0,"171":0,"172":0,"173":0,"175":0,"176":0,"177":0,"178":0,"179":0,"180":0,"181":0,"183":0,"184":0,"185":0,"186":0,"187":0,"188":0,"189":0,"190":0,"191":0,"193":0,"194":0,"195":0,"197":0,"200":0,"201":0,"202":0,"203":0,"204":0,"205":0,"207":0,"208":0,"209":0,"211":0,"213":0,"214":0,"216":0,"217":0,"218":0,"219":0,"220":0,"221":0,"222":0,"224":0,"227":0,"228":0,"231":0,"232":0,"233":0,"234":0,"235":0,"236":0,"237":0,"239":0,"240":0,"241":0,"242":0,"243":0,"244":0,"245":0,"247":0,"248":0,"249":0,"250":0,"252":0,"253":0,"254":0,"256":0,"257":0,"258":0,"260":0,"261":0,"262":0,"263":0,"264":0,"265":0,"266":0,"268":0,"269":0,"270":0,"271":0,"272":0,"273":0,"274":0,"278":0,"279":0,"281":0,"282":0,"283":0,"284":0,"285":0,"286":0,"288":0,"289":0,"290":0,"292":0,"293":0,"294":0,"296":0,"297":0,"298":0,"299":0,"300":0,"301":0,"302":0,"303":0,"304":0,"307":0,"308":0,"309":0,"310":0,"311":0,"312":0,"313":0,"314":0,"315":0,"316":0,"318":0,"319":0,"320":0,"321":0,"322":0,"324":0,"325":0,"326":0,"327":0,"328":0,"329":0,"330":0,"331":0,"332":0,"333":0,"334":0,"335":0,"336":0,"337":0,"338":0,"340":0,"341":0,"342":0,"343":0,"344":0,"345":0,"346":0,"348":0,"349":0,"350":0,"351":0,"352":0,"354":0,"355":0,"357":0,"360":0,"362":0,"363":0,"364":0,"365":0,"366":0,"367":0,"368":0,"369":0,"370":0,"371":0,"372":0,"373":0,"374":0,"375":0,"376":0,"377":0,"378":0,"379":0,"380":0,"381":0,"382":0,"383":0,"386":0,"387":0,"388":0,"389":0,"390":0,"393":0,"394":0,"395":0,"396":0,"397":0,"398":0,"399":0,"402":0,"403":0,"404":0,"405":0,"406":0,"407":0,"408":0,"409":0,"411":0,"414":0,"415":0,"417":0,"419":0,"420":0,"421":0,"422":0,"423":0,"424":0,"426":0,"428":0},"branchMap":{"0":{"type":"branch","line":1,"loc":{"start":{"line":1,"column":0},"end":{"line":429,"column":-4240}},"locations":[{"start":{"line":1,"column":0},"end":{"line":429,"column":-4240}}]}},"b":{"0":[0]},"fnMap":{"0":{"name":"(empty-report)","decl":{"start":{"line":1,"column":0},"end":{"line":429,"column":-4240}},"loc":{"start":{"line":1,"column":0},"end":{"line":429,"column":-4240}},"line":1}},"f":{"0":0}}
,"/Users/bowenli/development/excel_data_encryptor/src/main.tsx": {"path":"/Users/bowenli/development/excel_data_encryptor/src/main.tsx","all":true,"statementMap":{"0":{"start":{"line":1,"column":0},"end":{"line":1,"column":3}},"4":{"start":{"line":5,"column":0},"end":{"line":5,"column":38}},"5":{"start":{"line":6,"column":0},"end":{"line":6,"column":26}},"6":{"start":{"line":7,"column":0},"end":{"line":7,"column":40}},"7":{"start":{"line":8,"column":0},"end":{"line":8,"column":24}},"8":{"start":{"line":9,"column":0},"end":{"line":9,"column":29}},"11":{"start":{"line":12,"column":0},"end":{"line":12,"column":15}},"12":{"start":{"line":13,"column":0},"end":{"line":13,"column":10}},"13":{"start":{"line":14,"column":0},"end":{"line":14,"column":28}},"14":{"start":{"line":15,"column":0},"end":{"line":15,"column":20}},"15":{"start":{"line":16,"column":0},"end":{"line":16,"column":4}},"16":{"start":{"line":17,"column":0},"end":{"line":17,"column":2}},"18":{"start":{"line":19,"column":0},"end":{"line":19,"column":52}},"19":{"start":{"line":20,"column":0},"end":{"line":20,"column":60}},"21":{"start":{"line":22,"column":0},"end":{"line":22,"column":40}},"22":{"start":{"line":23,"column":0},"end":{"line":23,"column":20}},"23":{"start":{"line":24,"column":0},"end":{"line":24,"column":34}},"24":{"start":{"line":25,"column":0},"end":{"line":25,"column":13}},"25":{"start":{"line":26,"column":0},"end":{"line":26,"column":21}},"26":{"start":{"line":27,"column":0},"end":{"line":27,"column":21}},"27":{"start":{"line":28,"column":0},"end":{"line":28,"column":2}}},"s":{"0":0,"4":0,"5":0,"6":0,"7":0,"8":0,"11":0,"12":0,"13":0,"14":0,"15":0,"16":0,"18":0,"19":0,"21":0,"22":0,"23":0,"24":0,"25":0,"26":0,"27":0},"branchMap":{"0":{"type":"branch","line":1,"loc":{"start":{"line":1,"column":605},"end":{"line":28,"column":2}},"locations":[{"start":{"line":1,"column":605},"end":{"line":28,"column":2}}]}},"b":{"0":[0]},"fnMap":{"0":{"name":"(empty-report)","decl":{"start":{"line":1,"column":605},"end":{"line":28,"column":2}},"loc":{"start":{"line":1,"column":605},"end":{"line":28,"column":2}},"line":1}},"f":{"0":0}}
,"/Users/bowenli/development/excel_data_encryptor/src/contracts/encryption-service.contract.ts": {"path":"/Users/bowenli/development/excel_data_encryptor/src/contracts/encryption-service.contract.ts","all":true,"statementMap":{"38":{"start":{"line":39,"column":0},"end":{"line":39,"column":30}},"39":{"start":{"line":40,"column":0},"end":{"line":40,"column":27}},"40":{"start":{"line":41,"column":0},"end":{"line":41,"column":25}},"41":{"start":{"line":42,"column":0},"end":{"line":42,"column":20}},"42":{"start":{"line":43,"column":0},"end":{"line":43,"column":18}}},"s":{"38":0,"39":0,"40":0,"41":0,"42":0},"branchMap":{"0":{"type":"branch","line":1,"loc":{"start":{"line":1,"column":10694},"end":{"line":336,"column":3}},"locations":[{"start":{"line":1,"column":10694},"end":{"line":336,"column":3}}]}},"b":{"0":[1]},"fnMap":{"0":{"name":"(empty-report)","decl":{"start":{"line":1,"column":10694},"end":{"line":336,"column":3}},"loc":{"start":{"line":1,"column":10694},"end":{"line":336,"column":3}},"line":1}},"f":{"0":1}}
,"/Users/bowenli/development/excel_data_encryptor/src/services/columnMatcher.ts": {"path":"/Users/bowenli/development/excel_data_encryptor/src/services/columnMatcher.ts","all":false,"statementMap":{"0":{"start":{"line":1,"column":0},"end":{"line":1,"column":3}},"25":{"start":{"line":26,"column":0},"end":{"line":26,"column":59}},"26":{"start":{"line":27,"column":0},"end":{"line":27,"column":13}},"27":{"start":{"line":28,"column":0},"end":{"line":28,"column":18}},"28":{"start":{"line":29,"column":0},"end":{"line":29,"column":28}},"29":{"start":{"line":30,"column":0},"end":{"line":30,"column":12}},"30":{"start":{"line":31,"column":0},"end":{"line":31,"column":1}},"59":{"start":{"line":60,"column":0},"end":{"line":60,"column":71}},"60":{"start":{"line":61,"column":0},"end":{"line":61,"column":60}},"62":{"start":{"line":63,"column":0},"end":{"line":63,"column":42}},"63":{"start":{"line":64,"column":0},"end":{"line":64,"column":38}},"66":{"start":{"line":67,"column":0},"end":{"line":67,"column":40}},"67":{"start":{"line":68,"column":0},"end":{"line":68,"column":37}},"70":{"start":{"line":71,"column":0},"end":{"line":71,"column":34}},"71":{"start":{"line":72,"column":0},"end":{"line":72,"column":41}},"72":{"start":{"line":73,"column":0},"end":{"line":73,"column":37}},"75":{"start":{"line":76,"column":0},"end":{"line":76,"column":36}},"76":{"start":{"line":77,"column":0},"end":{"line":77,"column":42}},"79":{"start":{"line":80,"column":0},"end":{"line":80,"column":34}},"80":{"start":{"line":81,"column":0},"end":{"line":81,"column":40}},"81":{"start":{"line":82,"column":0},"end":{"line":82,"column":4}},"83":{"start":{"line":84,"column":0},"end":{"line":84,"column":41}},"84":{"start":{"line":85,"column":0},"end":{"line":85,"column":51}},"85":{"start":{"line":86,"column":0},"end":{"line":86,"column":50}},"87":{"start":{"line":88,"column":0},"end":{"line":88,"column":12}},"88":{"start":{"line":89,"column":0},"end":{"line":89,"column":27}},"89":{"start":{"line":90,"column":0},"end":{"line":90,"column":33}},"90":{"start":{"line":91,"column":0},"end":{"line":91,"column":41}},"91":{"start":{"line":92,"column":0},"end":{"line":92,"column":17}},"92":{"start":{"line":93,"column":0},"end":{"line":93,"column":25}},"93":{"start":{"line":94,"column":0},"end":{"line":94,"column":6}},"94":{"start":{"line":95,"column":0},"end":{"line":95,"column":5}},"95":{"start":{"line":96,"column":0},"end":{"line":96,"column":1}},"100":{"start":{"line":101,"column":0},"end":{"line":101,"column":62}},"101":{"start":{"line":102,"column":0},"end":{"line":102,"column":46}},"102":{"start":{"line":103,"column":0},"end":{"line":103,"column":42}},"103":{"start":{"line":104,"column":0},"end":{"line":104,"column":1}}},"s":{"0":1,"25":1,"26":137,"27":137,"28":137,"29":137,"30":137,"59":1,"60":49,"62":49,"63":49,"66":49,"67":49,"70":49,"71":49,"72":49,"75":49,"76":49,"79":49,"80":49,"81":49,"83":49,"84":121,"85":121,"87":121,"88":121,"89":121,"90":121,"91":121,"92":121,"93":121,"94":49,"95":49,"100":1,"101":1,"102":1,"103":1},"branchMap":{"0":{"type":"branch","line":26,"loc":{"start":{"line":26,"column":7},"end":{"line":31,"column":1}},"locations":[{"start":{"line":26,"column":7},"end":{"line":31,"column":1}}]},"1":{"type":"branch","line":60,"loc":{"start":{"line":60,"column":7},"end":{"line":96,"column":1}},"locations":[{"start":{"line":60,"column":7},"end":{"line":96,"column":1}}]},"2":{"type":"branch","line":84,"loc":{"start":{"line":84,"column":21},"end":{"line":95,"column":3}},"locations":[{"start":{"line":84,"column":21},"end":{"line":95,"column":3}}]},"3":{"type":"branch","line":101,"loc":{"start":{"line":101,"column":7},"end":{"line":104,"column":1}},"locations":[{"start":{"line":101,"column":7},"end":{"line":104,"column":1}}]},"4":{"type":"branch","line":103,"loc":{"start":{"line":103,"column":23},"end":{"line":103,"column":40}},"locations":[{"start":{"line":103,"column":23},"end":{"line":103,"column":40}}]}},"b":{"0":[137],"1":[49],"2":[121],"3":[1],"4":[5]},"fnMap":{"0":{"name":"normalizeColumnName","decl":{"start":{"line":26,"column":7},"end":{"line":31,"column":1}},"loc":{"start":{"line":26,"column":7},"end":{"line":31,"column":1}},"line":26},"1":{"name":"findTargetColumns","decl":{"start":{"line":60,"column":7},"end":{"line":96,"column":1}},"loc":{"start":{"line":60,"column":7},"end":{"line":96,"column":1}},"line":60},"2":{"name":"hasTargetColumns","decl":{"start":{"line":101,"column":7},"end":{"line":104,"column":1}},"loc":{"start":{"line":101,"column":7},"end":{"line":104,"column":1}},"line":101}},"f":{"0":137,"1":49,"2":1}}
,"/Users/bowenli/development/excel_data_encryptor/src/services/encryptionService.ts": {"path":"/Users/bowenli/development/excel_data_encryptor/src/services/encryptionService.ts","all":false,"statementMap":{"30":{"start":{"line":31,"column":0},"end":{"line":31,"column":72}},"32":{"start":{"line":33,"column":0},"end":{"line":33,"column":48}},"35":{"start":{"line":36,"column":0},"end":{"line":36,"column":26}},"36":{"start":{"line":37,"column":0},"end":{"line":37,"column":16}},"37":{"start":{"line":38,"column":0},"end":{"line":38,"column":3}},"41":{"start":{"line":42,"column":0},"end":{"line":42,"column":36}},"42":{"start":{"line":43,"column":0},"end":{"line":43,"column":42}},"45":{"start":{"line":46,"column":0},"end":{"line":46,"column":65}},"48":{"start":{"line":49,"column":0},"end":{"line":49,"column":59}},"49":{"start":{"line":50,"column":0},"end":{"line":50,"column":81}},"51":{"start":{"line":52,"column":0},"end":{"line":52,"column":17}},"52":{"start":{"line":53,"column":0},"end":{"line":53,"column":1}}},"s":{"30":832957,"32":832957,"35":832957,"36":3,"37":3,"41":832954,"42":832954,"45":832954,"48":832954,"49":832954,"51":832954,"52":832954},"branchMap":{"0":{"type":"branch","line":31,"loc":{"start":{"line":31,"column":0},"end":{"line":53,"column":1}},"locations":[{"start":{"line":31,"column":0},"end":{"line":53,"column":1}}]},"1":{"type":"branch","line":36,"loc":{"start":{"line":36,"column":25},"end":{"line":38,"column":3}},"locations":[{"start":{"line":36,"column":25},"end":{"line":38,"column":3}}]},"2":{"type":"branch","line":38,"loc":{"start":{"line":38,"column":2},"end":{"line":53,"column":1}},"locations":[{"start":{"line":38,"column":2},"end":{"line":53,"column":1}}]},"3":{"type":"branch","line":50,"loc":{"start":{"line":50,"column":32},"end":{"line":50,"column":70}},"locations":[{"start":{"line":50,"column":32},"end":{"line":50,"column":70}}]}},"b":{"0":[832957],"1":[3],"2":[832954],"3":[26654528]},"fnMap":{"0":{"name":"hashValue","decl":{"start":{"line":31,"column":0},"end":{"line":53,"column":1}},"loc":{"start":{"line":31,"column":0},"end":{"line":53,"column":1}},"line":31}},"f":{"0":832957}}
,"/Users/bowenli/development/excel_data_encryptor/src/services/fileGenerator.ts": {"path":"/Users/bowenli/development/excel_data_encryptor/src/services/fileGenerator.ts","all":false,"statementMap":{"0":{"start":{"line":1,"column":0},"end":{"line":1,"column":3}},"13":{"start":{"line":14,"column":0},"end":{"line":14,"column":83}},"15":{"start":{"line":16,"column":0},"end":{"line":16,"column":41}},"18":{"start":{"line":19,"column":0},"end":{"line":19,"column":49}},"21":{"start":{"line":22,"column":0},"end":{"line":22,"column":55}},"24":{"start":{"line":25,"column":0},"end":{"line":25,"column":47}},"25":{"start":{"line":26,"column":0},"end":{"line":26,"column":63}},"28":{"start":{"line":29,"column":0},"end":{"line":29,"column":38}},"29":{"start":{"line":30,"column":0},"end":{"line":30,"column":21}},"30":{"start":{"line":31,"column":0},"end":{"line":31,"column":18}},"31":{"start":{"line":32,"column":0},"end":{"line":32,"column":5}},"34":{"start":{"line":35,"column":0},"end":{"line":35,"column":28}},"35":{"start":{"line":36,"column":0},"end":{"line":36,"column":78}},"36":{"start":{"line":37,"column":0},"end":{"line":37,"column":5}},"37":{"start":{"line":38,"column":0},"end":{"line":38,"column":1}},"42":{"start":{"line":43,"column":0},"end":{"line":43,"column":53}},"44":{"start":{"line":45,"column":0},"end":{"line":45,"column":47}},"47":{"start":{"line":48,"column":0},"end":{"line":48,"column":37}},"48":{"start":{"line":49,"column":0},"end":{"line":49,"column":17}},"49":{"start":{"line":50,"column":0},"end":{"line":50,"column":19}},"50":{"start":{"line":51,"column":0},"end":{"line":51,"column":20}},"51":{"start":{"line":52,"column":0},"end":{"line":52,"column":5}},"54":{"start":{"line":55,"column":0},"end":{"line":55,"column":62}},"55":{"start":{"line":56,"column":0},"end":{"line":56,"column":1}},"61":{"start":{"line":62,"column":0},"end":{"line":62,"column":89}},"62":{"start":{"line":63,"column":0},"end":{"line":63,"column":33}},"65":{"start":{"line":66,"column":0},"end":{"line":66,"column":33}},"66":{"start":{"line":67,"column":0},"end":{"line":67,"column":60}},"67":{"start":{"line":68,"column":0},"end":{"line":68,"column":53}},"68":{"start":{"line":69,"column":0},"end":{"line":69,"column":44}},"71":{"start":{"line":72,"column":0},"end":{"line":72,"column":57}},"72":{"start":{"line":73,"column":0},"end":{"line":73,"column":19}},"73":{"start":{"line":74,"column":0},"end":{"line":74,"column":24}},"75":{"start":{"line":76,"column":0},"end":{"line":76,"column":28}},"77":{"start":{"line":78,"column":0},"end":{"line":78,"column":28}},"78":{"start":{"line":79,"column":0},"end":{"line":79,"column":19}},"79":{"start":{"line":80,"column":0},"end":{"line":80,"column":10}},"80":{"start":{"line":81,"column":0},"end":{"line":81,"column":55}},"81":{"start":{"line":82,"column":0},"end":{"line":82,"column":77}},"82":{"start":{"line":83,"column":0},"end":{"line":83,"column":3}},"84":{"start":{"line":85,"column":0},"end":{"line":85,"column":52}},"85":{"start":{"line":86,"column":0},"end":{"line":86,"column":1}},"90":{"start":{"line":91,"column":0},"end":{"line":91,"column":66}},"91":{"start":{"line":92,"column":0},"end":{"line":92,"column":40}},"92":{"start":{"line":93,"column":0},"end":{"line":93,"column":43}},"93":{"start":{"line":94,"column":0},"end":{"line":94,"column":18}},"94":{"start":{"line":95,"column":0},"end":{"line":95,"column":27}},"95":{"start":{"line":96,"column":0},"end":{"line":96,"column":15}},"98":{"start":{"line":99,"column":0},"end":{"line":99,"column":27}},"99":{"start":{"line":100,"column":0},"end":{"line":100,"column":1}}},"s":{"0":1,"13":1,"15":1,"18":1,"21":1,"24":1,"25":1,"28":1,"29":1,"30":1,"31":1,"34":1,"35":1,"36":1,"37":1,"42":1,"44":3,"47":3,"48":3,"49":3,"50":3,"51":3,"54":3,"55":3,"61":1,"62":17,"65":17,"66":17,"67":17,"68":17,"71":17,"72":17,"73":17,"75":17,"77":1,"78":1,"79":17,"80":16,"81":16,"82":16,"84":17,"85":17,"90":1,"91":0,"92":0,"93":0,"94":0,"95":0,"98":0,"99":0},"branchMap":{"0":{"type":"branch","line":14,"loc":{"start":{"line":14,"column":7},"end":{"line":38,"column":1}},"locations":[{"start":{"line":14,"column":7},"end":{"line":38,"column":1}}]},"1":{"type":"branch","line":25,"loc":{"start":{"line":25,"column":25},"end":{"line":25,"column":47}},"locations":[{"start":{"line":25,"column":25},"end":{"line":25,"column":47}}]},"2":{"type":"branch","line":43,"loc":{"start":{"line":43,"column":7},"end":{"line":56,"column":1}},"locations":[{"start":{"line":43,"column":7},"end":{"line":56,"column":1}}]},"3":{"type":"branch","line":62,"loc":{"start":{"line":62,"column":7},"end":{"line":86,"column":1}},"locations":[{"start":{"line":62,"column":7},"end":{"line":86,"column":1}}]},"4":{"type":"branch","line":63,"loc":{"start":{"line":63,"column":14},"end":{"line":63,"column":33}},"locations":[{"start":{"line":63,"column":14},"end":{"line":63,"column":33}}]},"5":{"type":"branch","line":76,"loc":{"start":{"line":76,"column":27},"end":{"line":80,"column":9}},"locations":[{"start":{"line":76,"column":27},"end":{"line":80,"column":9}}]},"6":{"type":"branch","line":80,"loc":{"start":{"line":80,"column":2},"end":{"line":83,"column":3}},"locations":[{"start":{"line":80,"column":2},"end":{"line":83,"column":3}}]}},"b":{"0":[1],"1":[0],"2":[3],"3":[17],"4":[5],"5":[1],"6":[16]},"fnMap":{"0":{"name":"generateExcel","decl":{"start":{"line":14,"column":7},"end":{"line":38,"column":1}},"loc":{"start":{"line":14,"column":7},"end":{"line":38,"column":1}},"line":14},"1":{"name":"generateCSV","decl":{"start":{"line":43,"column":7},"end":{"line":56,"column":1}},"loc":{"start":{"line":43,"column":7},"end":{"line":56,"column":1}},"line":43},"2":{"name":"generateDownloadFilename","decl":{"start":{"line":62,"column":7},"end":{"line":86,"column":1}},"loc":{"start":{"line":62,"column":7},"end":{"line":86,"column":1}},"line":62},"3":{"name":"downloadFile","decl":{"start":{"line":91,"column":7},"end":{"line":100,"column":1}},"loc":{"start":{"line":91,"column":7},"end":{"line":100,"column":1}},"line":91}},"f":{"0":1,"1":3,"2":17,"3":0}}
,"/Users/bowenli/development/excel_data_encryptor/src/services/fileParser.ts": {"path":"/Users/bowenli/development/excel_data_encryptor/src/services/fileParser.ts","all":false,"statementMap":{"0":{"start":{"line":1,"column":0},"end":{"line":1,"column":3}},"13":{"start":{"line":14,"column":0},"end":{"line":14,"column":73}},"14":{"start":{"line":15,"column":0},"end":{"line":15,"column":43}},"15":{"start":{"line":16,"column":0},"end":{"line":16,"column":43}},"18":{"start":{"line":19,"column":0},"end":{"line":19,"column":6}},"19":{"start":{"line":20,"column":0},"end":{"line":20,"column":87}},"20":{"start":{"line":21,"column":0},"end":{"line":21,"column":43}},"21":{"start":{"line":22,"column":0},"end":{"line":22,"column":5}},"22":{"start":{"line":23,"column":0},"end":{"line":23,"column":19}},"23":{"start":{"line":24,"column":0},"end":{"line":24,"column":3}},"25":{"start":{"line":26,"column":0},"end":{"line":26,"column":32}},"26":{"start":{"line":27,"column":0},"end":{"line":27,"column":17}},"27":{"start":{"line":28,"column":0},"end":{"line":28,"column":3}},"30":{"start":{"line":31,"column":0},"end":{"line":31,"column":64}},"31":{"start":{"line":32,"column":0},"end":{"line":32,"column":19}},"32":{"start":{"line":33,"column":0},"end":{"line":33,"column":3}},"34":{"start":{"line":35,"column":0},"end":{"line":35,"column":34}},"35":{"start":{"line":36,"column":0},"end":{"line":36,"column":17}},"36":{"start":{"line":37,"column":0},"end":{"line":37,"column":3}},"38":{"start":{"line":39,"column":0},"end":{"line":39,"column":19}},"39":{"start":{"line":40,"column":0},"end":{"line":40,"column":1}},"45":{"start":{"line":46,"column":0},"end":{"line":46,"column":67}},"46":{"start":{"line":47,"column":0},"end":{"line":47,"column":43}},"47":{"start":{"line":48,"column":0},"end":{"line":48,"column":36}},"49":{"start":{"line":50,"column":0},"end":{"line":50,"column":28}},"50":{"start":{"line":51,"column":0},"end":{"line":51,"column":11}},"51":{"start":{"line":52,"column":0},"end":{"line":52,"column":69}},"52":{"start":{"line":53,"column":0},"end":{"line":53,"column":60}},"55":{"start":{"line":56,"column":0},"end":{"line":56,"column":54}},"56":{"start":{"line":57,"column":0},"end":{"line":57,"column":30}},"57":{"start":{"line":58,"column":0},"end":{"line":58,"column":61}},"58":{"start":{"line":59,"column":0},"end":{"line":59,"column":17}},"59":{"start":{"line":60,"column":0},"end":{"line":60,"column":9}},"60":{"start":{"line":61,"column":0},"end":{"line":61,"column":58}},"61":{"start":{"line":62,"column":0},"end":{"line":62,"column":25}},"62":{"start":{"line":63,"column":0},"end":{"line":63,"column":56}},"63":{"start":{"line":64,"column":0},"end":{"line":64,"column":17}},"64":{"start":{"line":65,"column":0},"end":{"line":65,"column":9}},"67":{"start":{"line":68,"column":0},"end":{"line":68,"column":76}},"68":{"start":{"line":69,"column":0},"end":{"line":69,"column":20}},"69":{"start":{"line":70,"column":0},"end":{"line":70,"column":28}},"70":{"start":{"line":71,"column":0},"end":{"line":71,"column":73}},"71":{"start":{"line":72,"column":0},"end":{"line":72,"column":11}},"74":{"start":{"line":75,"column":0},"end":{"line":75,"column":71}},"75":{"start":{"line":76,"column":0},"end":{"line":76,"column":38}},"77":{"start":{"line":78,"column":0},"end":{"line":78,"column":17}},"78":{"start":{"line":79,"column":0},"end":{"line":79,"column":18}},"79":{"start":{"line":80,"column":0},"end":{"line":80,"column":15}},"80":{"start":{"line":81,"column":0},"end":{"line":81,"column":36}},"81":{"start":{"line":82,"column":0},"end":{"line":82,"column":32}},"82":{"start":{"line":83,"column":0},"end":{"line":83,"column":38}},"83":{"start":{"line":84,"column":0},"end":{"line":84,"column":11}},"84":{"start":{"line":85,"column":0},"end":{"line":85,"column":23}},"85":{"start":{"line":86,"column":0},"end":{"line":86,"column":99}},"86":{"start":{"line":87,"column":0},"end":{"line":87,"column":7}},"87":{"start":{"line":88,"column":0},"end":{"line":88,"column":6}},"89":{"start":{"line":90,"column":0},"end":{"line":90,"column":28}},"90":{"start":{"line":91,"column":0},"end":{"line":91,"column":47}},"91":{"start":{"line":92,"column":0},"end":{"line":92,"column":6}},"93":{"start":{"line":94,"column":0},"end":{"line":94,"column":35}},"94":{"start":{"line":95,"column":0},"end":{"line":95,"column":5}},"95":{"start":{"line":96,"column":0},"end":{"line":96,"column":1}},"101":{"start":{"line":102,"column":0},"end":{"line":102,"column":65}},"102":{"start":{"line":103,"column":0},"end":{"line":103,"column":43}},"103":{"start":{"line":104,"column":0},"end":{"line":104,"column":22}},"104":{"start":{"line":105,"column":0},"end":{"line":105,"column":30}},"105":{"start":{"line":106,"column":0},"end":{"line":106,"column":48}},"108":{"start":{"line":109,"column":0},"end":{"line":109,"column":82}},"109":{"start":{"line":110,"column":0},"end":{"line":110,"column":21}},"110":{"start":{"line":111,"column":0},"end":{"line":111,"column":9}},"112":{"start":{"line":113,"column":0},"end":{"line":113,"column":32}},"113":{"start":{"line":114,"column":0},"end":{"line":114,"column":71}},"114":{"start":{"line":115,"column":0},"end":{"line":115,"column":17}},"115":{"start":{"line":116,"column":0},"end":{"line":116,"column":9}},"118":{"start":{"line":119,"column":0},"end":{"line":119,"column":32}},"119":{"start":{"line":120,"column":0},"end":{"line":120,"column":23}},"120":{"start":{"line":121,"column":0},"end":{"line":121,"column":59}},"121":{"start":{"line":122,"column":0},"end":{"line":122,"column":17}},"122":{"start":{"line":123,"column":0},"end":{"line":123,"column":9}},"123":{"start":{"line":124,"column":0},"end":{"line":124,"column":35}},"125":{"start":{"line":126,"column":0},"end":{"line":126,"column":17}},"126":{"start":{"line":127,"column":0},"end":{"line":127,"column":18}},"127":{"start":{"line":128,"column":0},"end":{"line":128,"column":15}},"128":{"start":{"line":129,"column":0},"end":{"line":129,"column":32}},"129":{"start":{"line":130,"column":0},"end":{"line":130,"column":38}},"130":{"start":{"line":131,"column":0},"end":{"line":131,"column":11}},"131":{"start":{"line":132,"column":0},"end":{"line":132,"column":8}},"132":{"start":{"line":133,"column":0},"end":{"line":133,"column":25}},"133":{"start":{"line":134,"column":0},"end":{"line":134,"column":67}},"134":{"start":{"line":135,"column":0},"end":{"line":135,"column":8}},"135":{"start":{"line":136,"column":0},"end":{"line":136,"column":28}},"136":{"start":{"line":137,"column":0},"end":{"line":137,"column":35}},"137":{"start":{"line":138,"column":0},"end":{"line":138,"column":7}},"138":{"start":{"line":139,"column":0},"end":{"line":139,"column":5}},"139":{"start":{"line":140,"column":0},"end":{"line":140,"column":1}}},"s":{"0":1,"13":1,"14":4,"15":4,"18":4,"19":4,"20":3,"21":4,"22":2,"23":2,"25":4,"26":1,"27":1,"30":4,"31":0,"32":0,"34":4,"35":0,"36":0,"38":1,"39":1,"45":7,"46":7,"47":7,"49":7,"50":7,"51":7,"52":7,"55":7,"56":7,"57":0,"58":0,"59":0,"60":7,"61":7,"62":0,"63":0,"64":0,"67":7,"68":7,"69":7,"70":7,"71":7,"74":7,"75":7,"77":7,"78":7,"79":7,"80":7,"81":7,"82":7,"83":7,"84":7,"85":0,"86":0,"87":7,"89":7,"90":0,"91":0,"93":7,"94":7,"95":7,"101":22,"102":22,"103":22,"104":22,"105":22,"108":22,"109":5,"110":5,"112":22,"113":0,"114":0,"115":0,"118":22,"119":22,"120":0,"121":0,"122":0,"123":22,"125":22,"126":22,"127":22,"128":22,"129":22,"130":22,"131":22,"132":22,"133":0,"134":0,"135":22,"136":22,"137":22,"138":22,"139":22},"branchMap":{"0":{"type":"branch","line":14,"loc":{"start":{"line":14,"column":7},"end":{"line":40,"column":1}},"locations":[{"start":{"line":14,"column":7},"end":{"line":40,"column":1}}]},"1":{"type":"branch","line":20,"loc":{"start":{"line":20,"column":17},"end":{"line":21,"column":43}},"locations":[{"start":{"line":20,"column":17},"end":{"line":21,"column":43}}]},"2":{"type":"branch","line":22,"loc":{"start":{"line":22,"column":4},"end":{"line":26,"column":31}},"locations":[{"start":{"line":22,"column":4},"end":{"line":26,"column":31}}]},"3":{"type":"branch","line":26,"loc":{"start":{"line":26,"column":31},"end":{"line":31,"column":63}},"locations":[{"start":{"line":26,"column":31},"end":{"line":31,"column":63}}]},"4":{"type":"branch","line":31,"loc":{"start":{"line":31,"column":63},"end":{"line":33,"column":3}},"locations":[{"start":{"line":31,"column":63},"end":{"line":33,"column":3}}]},"5":{"type":"branch","line":33,"loc":{"start":{"line":33,"column":2},"end":{"line":35,"column":33}},"locations":[{"start":{"line":33,"column":2},"end":{"line":35,"column":33}}]},"6":{"type":"branch","line":35,"loc":{"start":{"line":35,"column":33},"end":{"line":37,"column":3}},"locations":[{"start":{"line":35,"column":33},"end":{"line":37,"column":3}}]},"7":{"type":"branch","line":37,"loc":{"start":{"line":37,"column":2},"end":{"line":40,"column":1}},"locations":[{"start":{"line":37,"column":2},"end":{"line":40,"column":1}}]},"8":{"type":"branch","line":46,"loc":{"start":{"line":46,"column":0},"end":{"line":96,"column":1}},"locations":[{"start":{"line":46,"column":0},"end":{"line":96,"column":1}}]},"9":{"type":"branch","line":47,"loc":{"start":{"line":47,"column":21},"end":{"line":95,"column":3}},"locations":[{"start":{"line":47,"column":21},"end":{"line":95,"column":3}}]},"10":{"type":"branch","line":50,"loc":{"start":{"line":50,"column":20},"end":{"line":88,"column":6}},"locations":[{"start":{"line":50,"column":20},"end":{"line":88,"column":6}}]},"11":{"type":"branch","line":57,"loc":{"start":{"line":57,"column":29},"end":{"line":60,"column":9}},"locations":[{"start":{"line":57,"column":29},"end":{"line":60,"column":9}}]},"12":{"type":"branch","line":62,"loc":{"start":{"line":62,"column":24},"end":{"line":65,"column":9}},"locations":[{"start":{"line":62,"column":24},"end":{"line":65,"column":9}}]},"13":{"type":"branch","line":75,"loc":{"start":{"line":75,"column":34},"end":{"line":75,"column":43}},"locations":[{"start":{"line":75,"column":34},"end":{"line":75,"column":43}}]},"14":{"type":"branch","line":85,"loc":{"start":{"line":85,"column":6},"end":{"line":87,"column":7}},"locations":[{"start":{"line":85,"column":6},"end":{"line":87,"column":7}}]},"15":{"type":"branch","line":75,"loc":{"start":{"line":75,"column":47},"end":{"line":75,"column":69}},"locations":[{"start":{"line":75,"column":47},"end":{"line":75,"column":69}}]},"16":{"type":"branch","line":75,"loc":{"start":{"line":75,"column":61},"end":{"line":75,"column":68}},"locations":[{"start":{"line":75,"column":61},"end":{"line":75,"column":68}}]},"17":{"type":"branch","line":102,"loc":{"start":{"line":102,"column":0},"end":{"line":140,"column":1}},"locations":[{"start":{"line":102,"column":0},"end":{"line":140,"column":1}}]},"18":{"type":"branch","line":103,"loc":{"start":{"line":103,"column":21},"end":{"line":139,"column":3}},"locations":[{"start":{"line":103,"column":21},"end":{"line":139,"column":3}}]},"19":{"type":"branch","line":105,"loc":{"start":{"line":105,"column":16},"end":{"line":132,"column":8}},"locations":[{"start":{"line":105,"column":16},"end":{"line":132,"column":8}}]},"20":{"type":"branch","line":109,"loc":{"start":{"line":109,"column":29},"end":{"line":109,"column":81}},"locations":[{"start":{"line":109,"column":29},"end":{"line":109,"column":81}}]},"21":{"type":"branch","line":109,"loc":{"start":{"line":109,"column":81},"end":{"line":111,"column":9}},"locations":[{"start":{"line":109,"column":81},"end":{"line":111,"column":9}}]},"22":{"type":"branch","line":113,"loc":{"start":{"line":113,"column":31},"end":{"line":116,"column":9}},"locations":[{"start":{"line":113,"column":31},"end":{"line":116,"column":9}}]},"23":{"type":"branch","line":120,"loc":{"start":{"line":120,"column":22},"end":{"line":123,"column":9}},"locations":[{"start":{"line":120,"column":22},"end":{"line":123,"column":9}}]},"24":{"type":"branch","line":109,"loc":{"start":{"line":109,"column":63},"end":{"line":109,"column":78}},"locations":[{"start":{"line":109,"column":63},"end":{"line":109,"column":78}}]}},"b":{"0":[4],"1":[3],"2":[2],"3":[1],"4":[0],"5":[1],"6":[0],"7":[1],"8":[7],"9":[7],"10":[7],"11":[0],"12":[0],"13":[0],"14":[0],"15":[23],"16":[0],"17":[22],"18":[22],"19":[22],"20":[27],"21":[5],"22":[0],"23":[0],"24":[31]},"fnMap":{"0":{"name":"detectFileType","decl":{"start":{"line":14,"column":7},"end":{"line":40,"column":1}},"loc":{"start":{"line":14,"column":7},"end":{"line":40,"column":1}},"line":14},"1":{"name":"parseExcel","decl":{"start":{"line":46,"column":0},"end":{"line":96,"column":1}},"loc":{"start":{"line":46,"column":0},"end":{"line":96,"column":1}},"line":46},"2":{"name":"reader.onload","decl":{"start":{"line":50,"column":20},"end":{"line":88,"column":6}},"loc":{"start":{"line":50,"column":20},"end":{"line":88,"column":6}},"line":50},"3":{"name":"reader.onerror","decl":{"start":{"line":90,"column":21},"end":{"line":92,"column":6}},"loc":{"start":{"line":90,"column":21},"end":{"line":92,"column":6}},"line":90},"4":{"name":"parseCSV","decl":{"start":{"line":102,"column":0},"end":{"line":140,"column":1}},"loc":{"start":{"line":102,"column":0},"end":{"line":140,"column":1}},"line":102},"5":{"name":"complete","decl":{"start":{"line":105,"column":16},"end":{"line":132,"column":8}},"loc":{"start":{"line":105,"column":16},"end":{"line":132,"column":8}},"line":105},"6":{"name":"error","decl":{"start":{"line":133,"column":13},"end":{"line":135,"column":8}},"loc":{"start":{"line":133,"column":13},"end":{"line":135,"column":8}},"line":133}},"f":{"0":4,"1":7,"2":7,"3":0,"4":22,"5":22,"6":0}}
,"/Users/bowenli/development/excel_data_encryptor/src/types/encryption.types.ts": {"path":"/Users/bowenli/development/excel_data_encryptor/src/types/encryption.types.ts","all":false,"statementMap":{"7":{"start":{"line":8,"column":0},"end":{"line":8,"column":30}},"8":{"start":{"line":9,"column":0},"end":{"line":9,"column":27}},"9":{"start":{"line":10,"column":0},"end":{"line":10,"column":25}},"10":{"start":{"line":11,"column":0},"end":{"line":11,"column":20}},"11":{"start":{"line":12,"column":0},"end":{"line":12,"column":18}},"12":{"start":{"line":13,"column":0},"end":{"line":13,"column":18}},"39":{"start":{"line":40,"column":0},"end":{"line":40,"column":22}},"40":{"start":{"line":41,"column":0},"end":{"line":41,"column":16}},"41":{"start":{"line":42,"column":0},"end":{"line":42,"column":26}},"42":{"start":{"line":43,"column":0},"end":{"line":43,"column":22}},"43":{"start":{"line":44,"column":0},"end":{"line":44,"column":18}},"44":{"start":{"line":45,"column":0},"end":{"line":45,"column":28}},"45":{"start":{"line":46,"column":0},"end":{"line":46,"column":24}},"46":{"start":{"line":47,"column":0},"end":{"line":47,"column":18}}},"s":{"7":1,"8":1,"9":1,"10":1,"11":1,"12":1,"39":1,"40":1,"41":1,"42":1,"43":1,"44":1,"45":1,"46":1},"branchMap":{"0":{"type":"branch","line":8,"loc":{"start":{"line":8,"column":7},"end":{"line":8,"column":30}},"locations":[{"start":{"line":8,"column":7},"end":{"line":8,"column":30}}]},"1":{"type":"branch","line":40,"loc":{"start":{"line":40,"column":7},"end":{"line":40,"column":22}},"locations":[{"start":{"line":40,"column":7},"end":{"line":40,"column":22}}]}},"b":{"0":[7],"1":[7]},"fnMap":{},"f":{}}
,"/Users/bowenli/development/excel_data_encryptor/src/types/file.types.ts": {"path":"/Users/bowenli/development/excel_data_encryptor/src/types/file.types.ts","all":true,"statementMap":{},"s":{},"branchMap":{"0":{"type":"branch","line":1,"loc":{"start":{"line":1,"column":619},"end":{"line":35,"column":1}},"locations":[{"start":{"line":1,"column":619},"end":{"line":35,"column":1}}]}},"b":{"0":[1]},"fnMap":{"0":{"name":"(empty-report)","decl":{"start":{"line":1,"column":619},"end":{"line":35,"column":1}},"loc":{"start":{"line":1,"column":619},"end":{"line":35,"column":1}},"line":1}},"f":{"0":1}}
,"/Users/bowenli/development/excel_data_encryptor/src/utils/validation.ts": {"path":"/Users/bowenli/development/excel_data_encryptor/src/utils/validation.ts","all":false,"statementMap":{"8":{"start":{"line":9,"column":0},"end":{"line":9,"column":58}},"10":{"start":{"line":11,"column":0},"end":{"line":11,"column":30}},"11":{"start":{"line":12,"column":0},"end":{"line":12,"column":13}},"12":{"start":{"line":13,"column":0},"end":{"line":13,"column":37}},"13":{"start":{"line":14,"column":0},"end":{"line":14,"column":79}},"14":{"start":{"line":15,"column":0},"end":{"line":15,"column":2}},"16":{"start":{"line":17,"column":0},"end":{"line":17,"column":55}},"21":{"start":{"line":22,"column":0},"end":{"line":22,"column":64}},"22":{"start":{"line":23,"column":0},"end":{"line":23,"column":35}},"23":{"start":{"line":24,"column":0},"end":{"line":24,"column":12}},"24":{"start":{"line":25,"column":0},"end":{"line":25,"column":20}},"25":{"start":{"line":26,"column":0},"end":{"line":26,"column":17}},"26":{"start":{"line":27,"column":0},"end":{"line":27,"column":6}},"27":{"start":{"line":28,"column":0},"end":{"line":28,"column":3}},"29":{"start":{"line":30,"column":0},"end":{"line":30,"column":60}},"31":{"start":{"line":32,"column":0},"end":{"line":32,"column":10}},"32":{"start":{"line":33,"column":0},"end":{"line":33,"column":19}},"33":{"start":{"line":34,"column":0},"end":{"line":34,"column":13}},"34":{"start":{"line":35,"column":0},"end":{"line":35,"column":99}},"35":{"start":{"line":36,"column":0},"end":{"line":36,"column":6}},"36":{"start":{"line":37,"column":0},"end":{"line":37,"column":4}},"37":{"start":{"line":38,"column":0},"end":{"line":38,"column":1}},"42":{"start":{"line":43,"column":0},"end":{"line":43,"column":64}},"43":{"start":{"line":44,"column":0},"end":{"line":44,"column":43}},"44":{"start":{"line":45,"column":0},"end":{"line":45,"column":43}},"47":{"start":{"line":48,"column":0},"end":{"line":48,"column":48}},"48":{"start":{"line":49,"column":0},"end":{"line":49,"column":12}},"49":{"start":{"line":50,"column":0},"end":{"line":50,"column":20}},"50":{"start":{"line":51,"column":0},"end":{"line":51,"column":17}},"51":{"start":{"line":52,"column":0},"end":{"line":52,"column":6}},"52":{"start":{"line":53,"column":0},"end":{"line":53,"column":3}},"55":{"start":{"line":56,"column":0},"end":{"line":56,"column":87}},"57":{"start":{"line":58,"column":0},"end":{"line":58,"column":26}},"58":{"start":{"line":59,"column":0},"end":{"line":59,"column":12}},"59":{"start":{"line":60,"column":0},"end":{"line":60,"column":20}},"60":{"start":{"line":61,"column":0},"end":{"line":61,"column":17}},"61":{"start":{"line":62,"column":0},"end":{"line":62,"column":6}},"62":{"start":{"line":63,"column":0},"end":{"line":63,"column":3}},"65":{"start":{"line":66,"column":0},"end":{"line":66,"column":49}},"66":{"start":{"line":67,"column":0},"end":{"line":67,"column":87}},"68":{"start":{"line":69,"column":0},"end":{"line":69,"column":10}},"69":{"start":{"line":70,"column":0},"end":{"line":70,"column":19}},"70":{"start":{"line":71,"column":0},"end":{"line":71,"column":13}},"71":{"start":{"line":72,"column":0},"end":{"line":72,"column":106}},"72":{"start":{"line":73,"column":0},"end":{"line":73,"column":6}},"73":{"start":{"line":74,"column":0},"end":{"line":74,"column":4}},"74":{"start":{"line":75,"column":0},"end":{"line":75,"column":1}},"79":{"start":{"line":80,"column":0},"end":{"line":80,"column":60}},"80":{"start":{"line":81,"column":0},"end":{"line":81,"column":48}},"81":{"start":{"line":82,"column":0},"end":{"line":82,"column":32}},"82":{"start":{"line":83,"column":0},"end":{"line":83,"column":26}},"83":{"start":{"line":84,"column":0},"end":{"line":84,"column":3}},"85":{"start":{"line":86,"column":0},"end":{"line":86,"column":48}},"86":{"start":{"line":87,"column":0},"end":{"line":87,"column":32}},"87":{"start":{"line":88,"column":0},"end":{"line":88,"column":26}},"88":{"start":{"line":89,"column":0},"end":{"line":89,"column":3}},"90":{"start":{"line":91,"column":0},"end":{"line":91,"column":10}},"91":{"start":{"line":92,"column":0},"end":{"line":92,"column":18}},"92":{"start":{"line":93,"column":0},"end":{"line":93,"column":15}},"93":{"start":{"line":94,"column":0},"end":{"line":94,"column":4}},"94":{"start":{"line":95,"column":0},"end":{"line":95,"column":1}}},"s":{"8":1,"10":1,"11":1,"12":1,"13":1,"14":1,"16":1,"21":1,"22":5,"23":3,"24":3,"25":3,"26":3,"27":3,"29":2,"31":2,"32":2,"33":2,"34":2,"35":2,"36":2,"37":2,"42":1,"43":9,"44":9,"47":9,"48":5,"49":5,"50":5,"51":5,"52":5,"55":4,"57":9,"58":0,"59":0,"60":0,"61":0,"62":0,"65":4,"66":9,"68":9,"69":9,"70":9,"71":9,"72":9,"73":9,"74":9,"79":1,"80":0,"81":0,"82":0,"83":0,"85":0,"86":0,"87":0,"88":0,"90":0,"91":0,"92":0,"93":0,"94":0},"branchMap":{"0":{"type":"branch","line":22,"loc":{"start":{"line":22,"column":7},"end":{"line":38,"column":1}},"locations":[{"start":{"line":22,"column":7},"end":{"line":38,"column":1}}]},"1":{"type":"branch","line":23,"loc":{"start":{"line":23,"column":34},"end":{"line":28,"column":3}},"locations":[{"start":{"line":23,"column":34},"end":{"line":28,"column":3}}]},"2":{"type":"branch","line":28,"loc":{"start":{"line":28,"column":2},"end":{"line":38,"column":1}},"locations":[{"start":{"line":28,"column":2},"end":{"line":38,"column":1}}]},"3":{"type":"branch","line":43,"loc":{"start":{"line":43,"column":7},"end":{"line":75,"column":1}},"locations":[{"start":{"line":43,"column":7},"end":{"line":75,"column":1}}]},"4":{"type":"branch","line":48,"loc":{"start":{"line":48,"column":47},"end":{"line":53,"column":3}},"locations":[{"start":{"line":48,"column":47},"end":{"line":53,"column":3}}]},"5":{"type":"branch","line":53,"loc":{"start":{"line":53,"column":2},"end":{"line":58,"column":25}},"locations":[{"start":{"line":53,"column":2},"end":{"line":58,"column":25}}]},"6":{"type":"branch","line":58,"loc":{"start":{"line":58,"column":25},"end":{"line":63,"column":3}},"locations":[{"start":{"line":58,"column":25},"end":{"line":63,"column":3}}]},"7":{"type":"branch","line":63,"loc":{"start":{"line":63,"column":2},"end":{"line":67,"column":42}},"locations":[{"start":{"line":63,"column":2},"end":{"line":67,"column":42}}]},"8":{"type":"branch","line":67,"loc":{"start":{"line":67,"column":37},"end":{"line":67,"column":77}},"locations":[{"start":{"line":67,"column":37},"end":{"line":67,"column":77}}]},"9":{"type":"branch","line":67,"loc":{"start":{"line":67,"column":73},"end":{"line":67,"column":87}},"locations":[{"start":{"line":67,"column":73},"end":{"line":67,"column":87}}]},"10":{"type":"branch","line":56,"loc":{"start":{"line":56,"column":54},"end":{"line":56,"column":85}},"locations":[{"start":{"line":56,"column":54},"end":{"line":56,"column":85}}]}},"b":{"0":[5],"1":[3],"2":[2],"3":[9],"4":[5],"5":[4],"6":[0],"7":[4],"8":[3],"9":[1],"10":[12]},"fnMap":{"0":{"name":"validateFileSize","decl":{"start":{"line":22,"column":7},"end":{"line":38,"column":1}},"loc":{"start":{"line":22,"column":7},"end":{"line":38,"column":1}},"line":22},"1":{"name":"validateFileType","decl":{"start":{"line":43,"column":7},"end":{"line":75,"column":1}},"loc":{"start":{"line":43,"column":7},"end":{"line":75,"column":1}},"line":43},"2":{"name":"validateFile","decl":{"start":{"line":80,"column":7},"end":{"line":95,"column":1}},"loc":{"start":{"line":80,"column":7},"end":{"line":95,"column":1}},"line":80}},"f":{"0":5,"1":9,"2":0}}
}
